2013-04-19 06:43:09,711 [http-bio-8080-exec-2] ERROR StackTrace  - Full Stack Trace:
org.codehaus.groovy.control.MultipleCompilationErrorsException: startup failed:
/Users/jiel/dev/sandbox/bloggr-rest-service/grails-app/controllers/PostsController.groovy: 25: unexpected token: m @ line 25, column 13.
           def m.posts = posts
               ^

1 error

	at org.codehaus.groovy.control.ErrorCollector.failIfErrors(ErrorCollector.java:302)
	at org.codehaus.groovy.control.ErrorCollector.addFatalError(ErrorCollector.java:149)
	at org.codehaus.groovy.control.ErrorCollector.addError(ErrorCollector.java:119)
	at org.codehaus.groovy.control.ErrorCollector.addError(ErrorCollector.java:131)
	at org.codehaus.groovy.control.SourceUnit.addError(SourceUnit.java:359)
	at org.codehaus.groovy.antlr.AntlrParserPlugin.transformCSTIntoAST(AntlrParserPlugin.java:141)
	at org.codehaus.groovy.antlr.AntlrParserPlugin.parseCST(AntlrParserPlugin.java:107)
	at org.codehaus.groovy.control.SourceUnit.parse(SourceUnit.java:236)
	at org.codehaus.groovy.control.CompilationUnit$1.call(CompilationUnit.java:160)
	at org.codehaus.groovy.control.CompilationUnit.applyToSourceUnits(CompilationUnit.java:843)
	at org.codehaus.groovy.control.CompilationUnit.doPhaseOperation(CompilationUnit.java:548)
	at org.codehaus.groovy.control.CompilationUnit.processPhaseOperations(CompilationUnit.java:524)
	at org.codehaus.groovy.control.CompilationUnit.compile(CompilationUnit.java:501)
	at org.codehaus.groovy.control.CompilationUnit.compile(CompilationUnit.java:480)
	at org.codehaus.groovy.tools.FileSystemCompiler.compile(FileSystemCompiler.java:60)
	at org.codehaus.groovy.tools.FileSystemCompiler.doCompilation(FileSystemCompiler.java:216)
	at org.codehaus.groovy.ant.Groovyc.compile(Groovyc.java:909)
	at org.codehaus.groovy.grails.compiler.Grailsc.compile(Grailsc.java:79)
	at org.codehaus.groovy.ant.Groovyc.execute(Groovyc.java:607)
	at org.apache.tools.ant.UnknownElement.execute(UnknownElement.java:291)
	at sun.reflect.GeneratedMethodAccessor100.invoke(Unknown Source)
	at sun.reflect.DelegatingMethodAccessorImpl.invoke(DelegatingMethodAccessorImpl.java:25)
	at java.lang.reflect.Method.invoke(Method.java:597)
	at com.springsource.loaded.ri.ReflectiveInterceptor.jlrMethodInvoke(ReflectiveInterceptor.java:1237)
	at org.apache.tools.ant.dispatch.DispatchUtils.execute(DispatchUtils.java:106)
	at groovy.util.AntBuilder.performTask(AntBuilder.java:260)
	at groovy.util.AntBuilder.nodeCompleted(AntBuilder.java:220)
	at groovy.util.BuilderSupport.doInvokeMethod(BuilderSupport.java:147)
	at groovy.util.AntBuilder.doInvokeMethod(AntBuilder.java:170)
	at groovy.util.BuilderSupport.invokeMethod(BuilderSupport.java:64)
	at org.codehaus.gant.GantBuilder.invokeMethod(GantBuilder.java:99)
	at org.codehaus.groovy.runtime.callsite.PogoMetaClassSite.call(PogoMetaClassSite.java:45)
	at org.codehaus.groovy.runtime.callsite.AbstractCallSite.call(AbstractCallSite.java:120)
	at org.codehaus.groovy.grails.compiler.GrailsProjectCompiler.compile(GrailsProjectCompiler.groovy:263)
	at org.codehaus.groovy.grails.compiler.GrailsProjectCompiler$compile$0.callCurrent(Unknown Source)
	at org.codehaus.groovy.grails.compiler.GrailsProjectCompiler.compile(GrailsProjectCompiler.groovy:234)
	at org.codehaus.groovy.grails.compiler.GrailsProjectCompiler.compileAll(GrailsProjectCompiler.groovy:226)
	at org.codehaus.groovy.grails.compiler.GrailsProjectWatcher.compileIfSource(GrailsProjectWatcher.java:240)
	at org.codehaus.groovy.grails.compiler.GrailsProjectWatcher.access$300(GrailsProjectWatcher.java:46)
	at org.codehaus.groovy.grails.compiler.GrailsProjectWatcher$1.onChange(GrailsProjectWatcher.java:142)
	at org.codehaus.groovy.grails.compiler.DirectoryWatcher.fireOnChange(DirectoryWatcher.java:162)
	at org.codehaus.groovy.grails.compiler.DirectoryWatcher.run(DirectoryWatcher.java:144)
	at org.codehaus.groovy.grails.compiler.GrailsProjectWatcher.run(GrailsProjectWatcher.java:163)
2013-04-19 06:43:09,712 [http-bio-8080-exec-2] ERROR StackTrace  - Full Stack Trace:
org.codehaus.groovy.control.MultipleCompilationErrorsException: startup failed:
/Users/jiel/dev/sandbox/bloggr-rest-service/grails-app/controllers/PostsController.groovy: 25: unexpected token: m @ line 25, column 13.
           def m.posts = posts
               ^

1 error

	at org.codehaus.groovy.control.ErrorCollector.failIfErrors(ErrorCollector.java:302)
	at org.codehaus.groovy.control.ErrorCollector.addFatalError(ErrorCollector.java:149)
	at org.codehaus.groovy.control.ErrorCollector.addError(ErrorCollector.java:119)
	at org.codehaus.groovy.control.ErrorCollector.addError(ErrorCollector.java:131)
	at org.codehaus.groovy.control.SourceUnit.addError(SourceUnit.java:359)
	at org.codehaus.groovy.antlr.AntlrParserPlugin.transformCSTIntoAST(AntlrParserPlugin.java:141)
	at org.codehaus.groovy.antlr.AntlrParserPlugin.parseCST(AntlrParserPlugin.java:107)
	at org.codehaus.groovy.control.SourceUnit.parse(SourceUnit.java:236)
	at org.codehaus.groovy.control.CompilationUnit$1.call(CompilationUnit.java:160)
	at org.codehaus.groovy.control.CompilationUnit.applyToSourceUnits(CompilationUnit.java:843)
	at org.codehaus.groovy.control.CompilationUnit.doPhaseOperation(CompilationUnit.java:548)
	at org.codehaus.groovy.control.CompilationUnit.processPhaseOperations(CompilationUnit.java:524)
	at org.codehaus.groovy.control.CompilationUnit.compile(CompilationUnit.java:501)
	at org.codehaus.groovy.control.CompilationUnit.compile(CompilationUnit.java:480)
	at org.codehaus.groovy.tools.FileSystemCompiler.compile(FileSystemCompiler.java:60)
	at org.codehaus.groovy.tools.FileSystemCompiler.doCompilation(FileSystemCompiler.java:216)
	at org.codehaus.groovy.ant.Groovyc.compile(Groovyc.java:909)
	at org.codehaus.groovy.ant.Groovyc.execute(Groovyc.java:607)
	at org.apache.tools.ant.UnknownElement.execute(UnknownElement.java:291)
	at org.apache.tools.ant.dispatch.DispatchUtils.execute(DispatchUtils.java:106)
2013-04-19 06:43:09,778 [http-bio-8080-exec-2] ERROR StackTrace  - Full Stack Trace:
org.codehaus.groovy.control.MultipleCompilationErrorsException: startup failed:
/Users/jiel/dev/sandbox/bloggr-rest-service/grails-app/controllers/PostsController.groovy: 25: unexpected token: m @ line 25, column 13.
           def m.posts = posts
               ^

1 error

	at org.codehaus.groovy.control.ErrorCollector.failIfErrors(ErrorCollector.java:302)
	at org.codehaus.groovy.control.ErrorCollector.addFatalError(ErrorCollector.java:149)
	at org.codehaus.groovy.control.ErrorCollector.addError(ErrorCollector.java:119)
	at org.codehaus.groovy.control.ErrorCollector.addError(ErrorCollector.java:131)
	at org.codehaus.groovy.control.SourceUnit.addError(SourceUnit.java:359)
	at org.codehaus.groovy.antlr.AntlrParserPlugin.transformCSTIntoAST(AntlrParserPlugin.java:141)
	at org.codehaus.groovy.antlr.AntlrParserPlugin.parseCST(AntlrParserPlugin.java:107)
	at org.codehaus.groovy.control.SourceUnit.parse(SourceUnit.java:236)
	at org.codehaus.groovy.control.CompilationUnit$1.call(CompilationUnit.java:160)
	at org.codehaus.groovy.control.CompilationUnit.applyToSourceUnits(CompilationUnit.java:843)
	at org.codehaus.groovy.control.CompilationUnit.doPhaseOperation(CompilationUnit.java:548)
	at org.codehaus.groovy.control.CompilationUnit.processPhaseOperations(CompilationUnit.java:524)
	at org.codehaus.groovy.control.CompilationUnit.compile(CompilationUnit.java:501)
	at org.codehaus.groovy.control.CompilationUnit.compile(CompilationUnit.java:480)
	at org.codehaus.groovy.tools.FileSystemCompiler.compile(FileSystemCompiler.java:60)
	at org.codehaus.groovy.tools.FileSystemCompiler.doCompilation(FileSystemCompiler.java:216)
	at org.codehaus.groovy.ant.Groovyc.compile(Groovyc.java:909)
	at org.codehaus.groovy.ant.Groovyc.execute(Groovyc.java:607)
	at org.apache.tools.ant.UnknownElement.execute(UnknownElement.java:291)
	at org.apache.tools.ant.dispatch.DispatchUtils.execute(DispatchUtils.java:106)
2013-04-19 06:43:09,779 [http-bio-8080-exec-2] ERROR StackTrace  - Full Stack Trace:
org.codehaus.groovy.control.MultipleCompilationErrorsException: startup failed:
/Users/jiel/dev/sandbox/bloggr-rest-service/grails-app/controllers/PostsController.groovy: 25: unexpected token: m @ line 25, column 13.
           def m.posts = posts
               ^

1 error

	at org.codehaus.groovy.control.ErrorCollector.failIfErrors(ErrorCollector.java:302)
	at org.codehaus.groovy.control.ErrorCollector.addFatalError(ErrorCollector.java:149)
	at org.codehaus.groovy.control.ErrorCollector.addError(ErrorCollector.java:119)
	at org.codehaus.groovy.control.ErrorCollector.addError(ErrorCollector.java:131)
	at org.codehaus.groovy.control.SourceUnit.addError(SourceUnit.java:359)
	at org.codehaus.groovy.antlr.AntlrParserPlugin.transformCSTIntoAST(AntlrParserPlugin.java:141)
	at org.codehaus.groovy.antlr.AntlrParserPlugin.parseCST(AntlrParserPlugin.java:107)
	at org.codehaus.groovy.control.SourceUnit.parse(SourceUnit.java:236)
	at org.codehaus.groovy.control.CompilationUnit$1.call(CompilationUnit.java:160)
	at org.codehaus.groovy.control.CompilationUnit.applyToSourceUnits(CompilationUnit.java:843)
	at org.codehaus.groovy.control.CompilationUnit.doPhaseOperation(CompilationUnit.java:548)
	at org.codehaus.groovy.control.CompilationUnit.processPhaseOperations(CompilationUnit.java:524)
	at org.codehaus.groovy.control.CompilationUnit.compile(CompilationUnit.java:501)
	at org.codehaus.groovy.control.CompilationUnit.compile(CompilationUnit.java:480)
	at org.codehaus.groovy.tools.FileSystemCompiler.compile(FileSystemCompiler.java:60)
	at org.codehaus.groovy.tools.FileSystemCompiler.doCompilation(FileSystemCompiler.java:216)
	at org.codehaus.groovy.ant.Groovyc.compile(Groovyc.java:909)
	at org.codehaus.groovy.ant.Groovyc.execute(Groovyc.java:607)
	at org.apache.tools.ant.UnknownElement.execute(UnknownElement.java:291)
	at org.apache.tools.ant.dispatch.DispatchUtils.execute(DispatchUtils.java:106)
2013-04-19 06:44:05,489 [http-bio-8080-exec-12] ERROR StackTrace  - Full Stack Trace:
java.lang.NullPointerException: Cannot set property 'posts' on null object
	at org.codehaus.groovy.runtime.NullObject.setProperty(NullObject.java:66)
	at org.codehaus.groovy.runtime.InvokerHelper.setProperty(InvokerHelper.java:179)
	at org.codehaus.groovy.runtime.ScriptBytecodeAdapter.setProperty(ScriptBytecodeAdapter.java:480)
	at PostsController$_closure1$$EO3SlDRI.doCall(PostsController.groovy:26)
	at sun.reflect.NativeMethodAccessorImpl.invoke0(Native Method)
	at sun.reflect.NativeMethodAccessorImpl.invoke(NativeMethodAccessorImpl.java:39)
	at sun.reflect.DelegatingMethodAccessorImpl.invoke(DelegatingMethodAccessorImpl.java:25)
	at java.lang.reflect.Method.invoke(Method.java:597)
	at com.springsource.loaded.ri.ReloadedTypeInvoker$2.invoke(ReloadedTypeInvoker.java:107)
	at com.springsource.loaded.ri.ReflectiveInterceptor.jlrMethodInvoke(ReflectiveInterceptor.java:1260)
	at org.codehaus.groovy.runtime.callsite.PogoMetaMethodSite$PogoCachedMethodSite.invoke(PogoMetaMethodSite.java:226)
	at org.codehaus.groovy.runtime.callsite.PogoMetaMethodSite.callCurrent(PogoMetaMethodSite.java:52)
	at org.codehaus.groovy.runtime.callsite.CallSiteArray.defaultCallCurrent(CallSiteArray.java:46)
	at org.codehaus.groovy.runtime.callsite.AbstractCallSite.callCurrent(AbstractCallSite.java:133)
	at org.codehaus.groovy.runtime.callsite.AbstractCallSite.callCurrent(AbstractCallSite.java:141)
	at PostsController$_closure1$$EO3SlDRI.doCall(PostsController.groovy)
	at sun.reflect.NativeMethodAccessorImpl.invoke0(Native Method)
	at sun.reflect.NativeMethodAccessorImpl.invoke(NativeMethodAccessorImpl.java:39)
	at sun.reflect.DelegatingMethodAccessorImpl.invoke(DelegatingMethodAccessorImpl.java:25)
	at java.lang.reflect.Method.invoke(Method.java:597)
	at com.springsource.loaded.ri.ReloadedTypeInvoker$2.invoke(ReloadedTypeInvoker.java:107)
	at com.springsource.loaded.ri.ReflectiveInterceptor.jlrMethodInvoke(ReflectiveInterceptor.java:1260)
	at org.codehaus.groovy.reflection.CachedMethod.invoke(CachedMethod.java:90)
	at groovy.lang.MetaMethod.doMethodInvoke(MetaMethod.java:233)
	at groovy.lang.MetaClassImpl.invokeMethod(MetaClassImpl.java:1047)
	at groovy.lang.ExpandoMetaClass.invokeMethod(ExpandoMetaClass.java:1110)
	at groovy.lang.MetaClassImpl.invokeMethod(MetaClassImpl.java:877)
	at groovy.lang.Closure.call(Closure.java:412)
	at PostsController$_closure1.call(PostsController.groovy)
	at groovy.lang.Closure.call(Closure.java:406)
	at PostsController$_closure1.call(PostsController.groovy)
	at java_util_concurrent_Callable$call.call(Unknown Source)
	at org.codehaus.groovy.runtime.callsite.CallSiteArray.defaultCall(CallSiteArray.java:42)
	at org.codehaus.groovy.runtime.callsite.AbstractCallSite.call(AbstractCallSite.java:108)
	at org.codehaus.groovy.runtime.callsite.AbstractCallSite.call(AbstractCallSite.java:112)
	at PostsController$$EO3SlDRI.index(PostsController.groovy)
	at sun.reflect.NativeMethodAccessorImpl.invoke0(Native Method)
	at sun.reflect.NativeMethodAccessorImpl.invoke(NativeMethodAccessorImpl.java:39)
	at sun.reflect.DelegatingMethodAccessorImpl.invoke(DelegatingMethodAccessorImpl.java:25)
	at java.lang.reflect.Method.invoke(Method.java:597)
	at com.springsource.loaded.ri.ReloadedTypeInvoker$2.invoke(ReloadedTypeInvoker.java:107)
	at com.springsource.loaded.ri.ReflectiveInterceptor.jlrMethodInvoke(ReflectiveInterceptor.java:1260)
	at org.codehaus.groovy.grails.web.servlet.mvc.MixedGrailsControllerHelper.invoke(MixedGrailsControllerHelper.java:69)
	at grails.plugin.cache.web.ProxyAwareMixedGrailsControllerHelper.invoke(ProxyAwareMixedGrailsControllerHelper.java)
	at org.codehaus.groovy.grails.web.servlet.mvc.AbstractGrailsControllerHelper.handleAction(AbstractGrailsControllerHelper.java:331)
	at grails.plugin.cache.web.ProxyAwareMixedGrailsControllerHelper.handleAction(ProxyAwareMixedGrailsControllerHelper.java)
	at org.codehaus.groovy.grails.web.servlet.mvc.AbstractGrailsControllerHelper.executeAction(AbstractGrailsControllerHelper.java:212)
	at grails.plugin.cache.web.ProxyAwareMixedGrailsControllerHelper.executeAction(ProxyAwareMixedGrailsControllerHelper.java)
	at org.codehaus.groovy.grails.web.servlet.mvc.AbstractGrailsControllerHelper.handleURI(AbstractGrailsControllerHelper.java:178)
	at grails.plugin.cache.web.ProxyAwareMixedGrailsControllerHelper.handleURI(ProxyAwareMixedGrailsControllerHelper.java)
	at org.codehaus.groovy.grails.web.servlet.mvc.AbstractGrailsControllerHelper.handleURI(AbstractGrailsControllerHelper.java:117)
	at grails.plugin.cache.web.ProxyAwareMixedGrailsControllerHelper.handleURI(ProxyAwareMixedGrailsControllerHelper.java)
	at org.codehaus.groovy.grails.web.servlet.mvc.SimpleGrailsController.handleRequest(SimpleGrailsController.java:72)
	at org.springframework.web.servlet.mvc.SimpleControllerHandlerAdapter.handle(SimpleControllerHandlerAdapter.java:48)
	at org.codehaus.groovy.grails.web.servlet.GrailsDispatcherServlet.doDispatch(GrailsDispatcherServlet.java:323)
	at org.springframework.web.servlet.DispatcherServlet.doService(DispatcherServlet.java:827)
	at org.springframework.web.servlet.FrameworkServlet.processRequest(FrameworkServlet.java:882)
	at org.springframework.web.servlet.FrameworkServlet.doGet(FrameworkServlet.java:778)
	at javax.servlet.http.HttpServlet.service(HttpServlet.java:621)
	at javax.servlet.http.HttpServlet.service(HttpServlet.java:722)
	at org.apache.catalina.core.ApplicationFilterChain.internalDoFilter(ApplicationFilterChain.java:305)
	at org.apache.catalina.core.ApplicationFilterChain.doFilter(ApplicationFilterChain.java:210)
	at grails.plugin.cache.web.filter.PageFragmentCachingFilter.doFilter(PageFragmentCachingFilter.java:195)
	at grails.plugin.cache.web.filter.simple.MemoryPageFragmentCachingFilter.doFilter(MemoryPageFragmentCachingFilter.java)
	at grails.plugin.cache.web.filter.AbstractFilter.doFilter(AbstractFilter.java:63)
	at org.springframework.web.filter.DelegatingFilterProxy.invokeDelegate(DelegatingFilterProxy.java:346)
	at org.springframework.web.filter.DelegatingFilterProxy.doFilter(DelegatingFilterProxy.java:259)
	at org.apache.catalina.core.ApplicationFilterChain.internalDoFilter(ApplicationFilterChain.java:243)
	at org.apache.catalina.core.ApplicationFilterChain.doFilter(ApplicationFilterChain.java:210)
	at org.springframework.web.filter.OncePerRequestFilter.doFilter(OncePerRequestFilter.java:70)
	at org.apache.catalina.core.ApplicationFilterChain.internalDoFilter(ApplicationFilterChain.java:243)
	at org.apache.catalina.core.ApplicationFilterChain.doFilter(ApplicationFilterChain.java:210)
	at org.springframework.web.filter.OncePerRequestFilter.doFilter(OncePerRequestFilter.java:70)
	at org.apache.catalina.core.ApplicationFilterChain.internalDoFilter(ApplicationFilterChain.java:243)
	at org.apache.catalina.core.ApplicationFilterChain.doFilter(ApplicationFilterChain.java:210)
	at org.springframework.web.filter.OncePerRequestFilter.doFilter(OncePerRequestFilter.java:70)
	at org.apache.catalina.core.ApplicationFilterChain.internalDoFilter(ApplicationFilterChain.java:243)
	at org.apache.catalina.core.ApplicationFilterChain.doFilter(ApplicationFilterChain.java:210)
	at org.apache.catalina.core.ApplicationDispatcher.invoke(ApplicationDispatcher.java:684)
	at org.apache.catalina.core.ApplicationDispatcher.processRequest(ApplicationDispatcher.java:471)
	at org.apache.catalina.core.ApplicationDispatcher.doForward(ApplicationDispatcher.java:402)
	at org.apache.catalina.core.ApplicationDispatcher.forward(ApplicationDispatcher.java:329)
	at org.codehaus.groovy.grails.web.util.WebUtils.forwardRequestForUrlMappingInfo(WebUtils.java:312)
	at org.codehaus.groovy.grails.web.util.WebUtils.forwardRequestForUrlMappingInfo(WebUtils.java:277)
	at org.codehaus.groovy.grails.web.util.WebUtils.forwardRequestForUrlMappingInfo(WebUtils.java:268)
	at org.codehaus.groovy.grails.web.mapping.filter.UrlMappingsFilter.doFilterInternal(UrlMappingsFilter.java:209)
	at org.springframework.web.filter.OncePerRequestFilter.doFilter(OncePerRequestFilter.java:76)
	at org.apache.catalina.core.ApplicationFilterChain.internalDoFilter(ApplicationFilterChain.java:243)
	at org.apache.catalina.core.ApplicationFilterChain.doFilter(ApplicationFilterChain.java:210)
	at org.codehaus.groovy.grails.web.sitemesh.GrailsPageFilter.obtainContent(GrailsPageFilter.java:200)
	at org.codehaus.groovy.grails.web.sitemesh.GrailsPageFilter.doFilter(GrailsPageFilter.java:151)
	at org.apache.catalina.core.ApplicationFilterChain.internalDoFilter(ApplicationFilterChain.java:243)
	at org.apache.catalina.core.ApplicationFilterChain.doFilter(ApplicationFilterChain.java:210)
	at javax.servlet.FilterChain$doFilter.call(Unknown Source)
	at org.grails.plugin.resource.DevModeSanityFilter.doFilter(DevModeSanityFilter.groovy:44)
	at org.apache.catalina.core.ApplicationFilterChain.internalDoFilter(ApplicationFilterChain.java:243)
	at org.apache.catalina.core.ApplicationFilterChain.doFilter(ApplicationFilterChain.java:210)
	at org.codehaus.groovy.grails.web.servlet.mvc.GrailsWebRequestFilter.doFilterInternal(GrailsWebRequestFilter.java:69)
	at org.springframework.web.filter.OncePerRequestFilter.doFilter(OncePerRequestFilter.java:76)
	at org.apache.catalina.core.ApplicationFilterChain.internalDoFilter(ApplicationFilterChain.java:243)
	at org.apache.catalina.core.ApplicationFilterChain.doFilter(ApplicationFilterChain.java:210)
	at org.codehaus.groovy.grails.web.filters.HiddenHttpMethodFilter.doFilterInternal(HiddenHttpMethodFilter.java:69)
	at org.springframework.web.filter.OncePerRequestFilter.doFilter(OncePerRequestFilter.java:76)
	at org.apache.catalina.core.ApplicationFilterChain.internalDoFilter(ApplicationFilterChain.java:243)
	at org.apache.catalina.core.ApplicationFilterChain.doFilter(ApplicationFilterChain.java:210)
	at com.brandseye.cors.CorsFilter.doFilter(CorsFilter.java:65)
	at org.apache.catalina.core.ApplicationFilterChain.internalDoFilter(ApplicationFilterChain.java:243)
	at org.apache.catalina.core.ApplicationFilterChain.doFilter(ApplicationFilterChain.java:210)
	at org.springframework.web.filter.CharacterEncodingFilter.doFilterInternal(CharacterEncodingFilter.java:88)
	at org.springframework.web.filter.OncePerRequestFilter.doFilter(OncePerRequestFilter.java:76)
	at org.springframework.web.filter.DelegatingFilterProxy.invokeDelegate(DelegatingFilterProxy.java:346)
	at org.springframework.web.filter.DelegatingFilterProxy.doFilter(DelegatingFilterProxy.java:259)
	at org.apache.catalina.core.ApplicationFilterChain.internalDoFilter(ApplicationFilterChain.java:243)
	at org.apache.catalina.core.ApplicationFilterChain.doFilter(ApplicationFilterChain.java:210)
	at org.apache.catalina.core.StandardWrapperValve.invoke(StandardWrapperValve.java:225)
	at org.apache.catalina.core.StandardContextValve.invoke(StandardContextValve.java:169)
	at org.apache.catalina.core.StandardHostValve.invoke(StandardHostValve.java:168)
	at org.apache.catalina.valves.ErrorReportValve.invoke(ErrorReportValve.java:98)
	at org.apache.catalina.core.StandardEngineValve.invoke(StandardEngineValve.java:118)
	at org.apache.catalina.connector.CoyoteAdapter.service(CoyoteAdapter.java:407)
	at org.apache.coyote.http11.AbstractHttp11Processor.process(AbstractHttp11Processor.java:999)
	at org.apache.coyote.AbstractProtocol$AbstractConnectionHandler.process(AbstractProtocol.java:565)
	at org.apache.tomcat.util.net.JIoEndpoint$SocketProcessor.run(JIoEndpoint.java:309)
	at java.util.concurrent.ThreadPoolExecutor$Worker.runTask(ThreadPoolExecutor.java:895)
	at java.util.concurrent.ThreadPoolExecutor$Worker.run(ThreadPoolExecutor.java:918)
	at java.lang.Thread.run(Thread.java:680)
2013-04-19 06:44:05,490 [http-bio-8080-exec-12] ERROR StackTrace  - Full Stack Trace:
java.lang.NullPointerException: Cannot set property 'posts' on null object
	at PostsController$_closure1$$EO3SlDRI.doCall(PostsController.groovy:26)
	at grails.plugin.cache.web.filter.PageFragmentCachingFilter.doFilter(PageFragmentCachingFilter.java:195)
	at grails.plugin.cache.web.filter.AbstractFilter.doFilter(AbstractFilter.java:63)
	at com.brandseye.cors.CorsFilter.doFilter(CorsFilter.java:65)
	at java.util.concurrent.ThreadPoolExecutor$Worker.runTask(ThreadPoolExecutor.java:895)
	at java.util.concurrent.ThreadPoolExecutor$Worker.run(ThreadPoolExecutor.java:918)
	at java.lang.Thread.run(Thread.java:680)
2013-04-19 06:44:05,496 [http-bio-8080-exec-12] ERROR StackTrace  - Full Stack Trace:
java.lang.NullPointerException: Cannot set property 'posts' on null object
	at PostsController$_closure1$$EO3SlDRI.doCall(PostsController.groovy:26)
	at grails.plugin.cache.web.filter.PageFragmentCachingFilter.doFilter(PageFragmentCachingFilter.java:195)
	at grails.plugin.cache.web.filter.AbstractFilter.doFilter(AbstractFilter.java:63)
	at com.brandseye.cors.CorsFilter.doFilter(CorsFilter.java:65)
	at java.util.concurrent.ThreadPoolExecutor$Worker.runTask(ThreadPoolExecutor.java:895)
	at java.util.concurrent.ThreadPoolExecutor$Worker.run(ThreadPoolExecutor.java:918)
	at java.lang.Thread.run(Thread.java:680)
2013-04-19 06:44:05,496 [http-bio-8080-exec-12] ERROR StackTrace  - Full Stack Trace:
java.lang.NullPointerException: Cannot set property 'posts' on null object
	at PostsController$_closure1$$EO3SlDRI.doCall(PostsController.groovy:26)
	at grails.plugin.cache.web.filter.PageFragmentCachingFilter.doFilter(PageFragmentCachingFilter.java:195)
	at grails.plugin.cache.web.filter.AbstractFilter.doFilter(AbstractFilter.java:63)
	at com.brandseye.cors.CorsFilter.doFilter(CorsFilter.java:65)
	at java.util.concurrent.ThreadPoolExecutor$Worker.runTask(ThreadPoolExecutor.java:895)
	at java.util.concurrent.ThreadPoolExecutor$Worker.run(ThreadPoolExecutor.java:918)
	at java.lang.Thread.run(Thread.java:680)
2013-04-19 06:44:05,496 [http-bio-8080-exec-12] ERROR StackTrace  - Full Stack Trace:
java.lang.NullPointerException: Cannot set property 'posts' on null object
	at PostsController$_closure1$$EO3SlDRI.doCall(PostsController.groovy:26)
	at grails.plugin.cache.web.filter.PageFragmentCachingFilter.doFilter(PageFragmentCachingFilter.java:195)
	at grails.plugin.cache.web.filter.AbstractFilter.doFilter(AbstractFilter.java:63)
	at com.brandseye.cors.CorsFilter.doFilter(CorsFilter.java:65)
	at java.util.concurrent.ThreadPoolExecutor$Worker.runTask(ThreadPoolExecutor.java:895)
	at java.util.concurrent.ThreadPoolExecutor$Worker.run(ThreadPoolExecutor.java:918)
	at java.lang.Thread.run(Thread.java:680)
2013-04-19 06:44:05,496 [http-bio-8080-exec-12] ERROR StackTrace  - Full Stack Trace:
java.lang.NullPointerException: Cannot set property 'posts' on null object
	at PostsController$_closure1$$EO3SlDRI.doCall(PostsController.groovy:26)
	at grails.plugin.cache.web.filter.PageFragmentCachingFilter.doFilter(PageFragmentCachingFilter.java:195)
	at grails.plugin.cache.web.filter.AbstractFilter.doFilter(AbstractFilter.java:63)
	at com.brandseye.cors.CorsFilter.doFilter(CorsFilter.java:65)
	at java.util.concurrent.ThreadPoolExecutor$Worker.runTask(ThreadPoolExecutor.java:895)
	at java.util.concurrent.ThreadPoolExecutor$Worker.run(ThreadPoolExecutor.java:918)
	at java.lang.Thread.run(Thread.java:680)
2013-04-19 06:45:18,921 [http-bio-8080-exec-10] ERROR StackTrace  - Full Stack Trace:
groovy.lang.MissingPropertyException: No such property: render for class: PostsController
Possible solutions: index
	at org.codehaus.groovy.grails.plugins.web.api.ControllerTagLibraryApi.propertyMissing(ControllerTagLibraryApi.java:113)
	at PostsController$$EO3SlVeK.propertyMissing(PostsController.groovy)
	at sun.reflect.NativeMethodAccessorImpl.invoke0(Native Method)
	at sun.reflect.NativeMethodAccessorImpl.invoke(NativeMethodAccessorImpl.java:39)
	at sun.reflect.DelegatingMethodAccessorImpl.invoke(DelegatingMethodAccessorImpl.java:25)
	at java.lang.reflect.Method.invoke(Method.java:597)
	at com.springsource.loaded.ri.ReloadedTypeInvoker$2.invoke(ReloadedTypeInvoker.java:107)
	at com.springsource.loaded.ri.ReflectiveInterceptor.jlrMethodInvoke(ReflectiveInterceptor.java:1260)
	at org.codehaus.groovy.reflection.CachedMethod.invoke(CachedMethod.java:90)
	at groovy.lang.MetaClassImpl.invokeMissingProperty(MetaClassImpl.java:745)
	at groovy.lang.MetaClassImpl.getProperty(MetaClassImpl.java:1589)
	at groovy.lang.ExpandoMetaClass.getProperty(ExpandoMetaClass.java:1140)
	at groovy.lang.MetaClassImpl.getProperty(MetaClassImpl.java:3308)
	at groovy.lang.ExpandoMetaClass.getProperty(ExpandoMetaClass.java:1152)
	at PostsController$$EO3SlVeK.getProperty(PostsController.groovy)
	at PostsController$$DO3SlVeK.getProperty(Unknown Source)
	at PostsController.getProperty(PostsController.groovy)
	at org.codehaus.groovy.runtime.InvokerHelper.getProperty(InvokerHelper.java:156)
	at groovy.lang.Closure.getPropertyTryThese(Closure.java:325)
	at groovy.lang.Closure.getPropertyOwnerFirst(Closure.java:319)
	at groovy.lang.Closure.getProperty(Closure.java:308)
	at PostsController$_closure1.getProperty(PostsController.groovy)
	at org.codehaus.groovy.runtime.callsite.PogoGetPropertySite.getProperty(PogoGetPropertySite.java:47)
	at org.codehaus.groovy.runtime.callsite.AbstractCallSite.callGroovyObjectGetProperty(AbstractCallSite.java:231)
	at PostsController$_closure1$$EO3SlVeK.doCall(PostsController.groovy:25)
	at sun.reflect.NativeMethodAccessorImpl.invoke0(Native Method)
	at sun.reflect.NativeMethodAccessorImpl.invoke(NativeMethodAccessorImpl.java:39)
	at sun.reflect.DelegatingMethodAccessorImpl.invoke(DelegatingMethodAccessorImpl.java:25)
	at java.lang.reflect.Method.invoke(Method.java:597)
	at com.springsource.loaded.ri.ReloadedTypeInvoker$2.invoke(ReloadedTypeInvoker.java:107)
	at com.springsource.loaded.ri.ReflectiveInterceptor.jlrMethodInvoke(ReflectiveInterceptor.java:1260)
	at org.codehaus.groovy.runtime.callsite.PogoMetaMethodSite$PogoCachedMethodSite.invoke(PogoMetaMethodSite.java:226)
	at org.codehaus.groovy.runtime.callsite.PogoMetaMethodSite.callCurrent(PogoMetaMethodSite.java:52)
	at org.codehaus.groovy.runtime.callsite.CallSiteArray.defaultCallCurrent(CallSiteArray.java:46)
	at org.codehaus.groovy.runtime.callsite.AbstractCallSite.callCurrent(AbstractCallSite.java:133)
	at org.codehaus.groovy.runtime.callsite.AbstractCallSite.callCurrent(AbstractCallSite.java:141)
	at PostsController$_closure1$$EO3SlVeK.doCall(PostsController.groovy)
	at sun.reflect.NativeMethodAccessorImpl.invoke0(Native Method)
	at sun.reflect.NativeMethodAccessorImpl.invoke(NativeMethodAccessorImpl.java:39)
	at sun.reflect.DelegatingMethodAccessorImpl.invoke(DelegatingMethodAccessorImpl.java:25)
	at java.lang.reflect.Method.invoke(Method.java:597)
	at com.springsource.loaded.ri.ReloadedTypeInvoker$2.invoke(ReloadedTypeInvoker.java:107)
	at com.springsource.loaded.ri.ReflectiveInterceptor.jlrMethodInvoke(ReflectiveInterceptor.java:1260)
	at org.codehaus.groovy.reflection.CachedMethod.invoke(CachedMethod.java:90)
	at groovy.lang.MetaMethod.doMethodInvoke(MetaMethod.java:233)
	at groovy.lang.MetaClassImpl.invokeMethod(MetaClassImpl.java:1047)
	at groovy.lang.ExpandoMetaClass.invokeMethod(ExpandoMetaClass.java:1110)
	at groovy.lang.MetaClassImpl.invokeMethod(MetaClassImpl.java:877)
	at groovy.lang.Closure.call(Closure.java:412)
	at PostsController$_closure1.call(PostsController.groovy)
	at groovy.lang.Closure.call(Closure.java:406)
	at PostsController$_closure1.call(PostsController.groovy)
	at java_util_concurrent_Callable$call.call(Unknown Source)
	at org.codehaus.groovy.runtime.callsite.CallSiteArray.defaultCall(CallSiteArray.java:42)
	at org.codehaus.groovy.runtime.callsite.AbstractCallSite.call(AbstractCallSite.java:108)
	at org.codehaus.groovy.runtime.callsite.AbstractCallSite.call(AbstractCallSite.java:112)
	at PostsController$$EO3SlVeK.index(PostsController.groovy)
	at sun.reflect.NativeMethodAccessorImpl.invoke0(Native Method)
	at sun.reflect.NativeMethodAccessorImpl.invoke(NativeMethodAccessorImpl.java:39)
	at sun.reflect.DelegatingMethodAccessorImpl.invoke(DelegatingMethodAccessorImpl.java:25)
	at java.lang.reflect.Method.invoke(Method.java:597)
	at com.springsource.loaded.ri.ReloadedTypeInvoker$2.invoke(ReloadedTypeInvoker.java:107)
	at com.springsource.loaded.ri.ReflectiveInterceptor.jlrMethodInvoke(ReflectiveInterceptor.java:1260)
	at org.codehaus.groovy.grails.web.servlet.mvc.MixedGrailsControllerHelper.invoke(MixedGrailsControllerHelper.java:69)
	at grails.plugin.cache.web.ProxyAwareMixedGrailsControllerHelper.invoke(ProxyAwareMixedGrailsControllerHelper.java)
	at org.codehaus.groovy.grails.web.servlet.mvc.AbstractGrailsControllerHelper.handleAction(AbstractGrailsControllerHelper.java:331)
	at grails.plugin.cache.web.ProxyAwareMixedGrailsControllerHelper.handleAction(ProxyAwareMixedGrailsControllerHelper.java)
	at org.codehaus.groovy.grails.web.servlet.mvc.AbstractGrailsControllerHelper.executeAction(AbstractGrailsControllerHelper.java:212)
	at grails.plugin.cache.web.ProxyAwareMixedGrailsControllerHelper.executeAction(ProxyAwareMixedGrailsControllerHelper.java)
	at org.codehaus.groovy.grails.web.servlet.mvc.AbstractGrailsControllerHelper.handleURI(AbstractGrailsControllerHelper.java:178)
	at grails.plugin.cache.web.ProxyAwareMixedGrailsControllerHelper.handleURI(ProxyAwareMixedGrailsControllerHelper.java)
	at org.codehaus.groovy.grails.web.servlet.mvc.AbstractGrailsControllerHelper.handleURI(AbstractGrailsControllerHelper.java:117)
	at grails.plugin.cache.web.ProxyAwareMixedGrailsControllerHelper.handleURI(ProxyAwareMixedGrailsControllerHelper.java)
	at org.codehaus.groovy.grails.web.servlet.mvc.SimpleGrailsController.handleRequest(SimpleGrailsController.java:72)
	at org.springframework.web.servlet.mvc.SimpleControllerHandlerAdapter.handle(SimpleControllerHandlerAdapter.java:48)
	at org.codehaus.groovy.grails.web.servlet.GrailsDispatcherServlet.doDispatch(GrailsDispatcherServlet.java:323)
	at org.springframework.web.servlet.DispatcherServlet.doService(DispatcherServlet.java:827)
	at org.springframework.web.servlet.FrameworkServlet.processRequest(FrameworkServlet.java:882)
	at org.springframework.web.servlet.FrameworkServlet.doGet(FrameworkServlet.java:778)
	at javax.servlet.http.HttpServlet.service(HttpServlet.java:621)
	at javax.servlet.http.HttpServlet.service(HttpServlet.java:722)
	at org.apache.catalina.core.ApplicationFilterChain.internalDoFilter(ApplicationFilterChain.java:305)
	at org.apache.catalina.core.ApplicationFilterChain.doFilter(ApplicationFilterChain.java:210)
	at grails.plugin.cache.web.filter.PageFragmentCachingFilter.doFilter(PageFragmentCachingFilter.java:195)
	at grails.plugin.cache.web.filter.simple.MemoryPageFragmentCachingFilter.doFilter(MemoryPageFragmentCachingFilter.java)
	at grails.plugin.cache.web.filter.AbstractFilter.doFilter(AbstractFilter.java:63)
	at org.springframework.web.filter.DelegatingFilterProxy.invokeDelegate(DelegatingFilterProxy.java:346)
	at org.springframework.web.filter.DelegatingFilterProxy.doFilter(DelegatingFilterProxy.java:259)
	at org.apache.catalina.core.ApplicationFilterChain.internalDoFilter(ApplicationFilterChain.java:243)
	at org.apache.catalina.core.ApplicationFilterChain.doFilter(ApplicationFilterChain.java:210)
	at org.springframework.web.filter.OncePerRequestFilter.doFilter(OncePerRequestFilter.java:70)
	at org.apache.catalina.core.ApplicationFilterChain.internalDoFilter(ApplicationFilterChain.java:243)
	at org.apache.catalina.core.ApplicationFilterChain.doFilter(ApplicationFilterChain.java:210)
	at org.springframework.web.filter.OncePerRequestFilter.doFilter(OncePerRequestFilter.java:70)
	at org.apache.catalina.core.ApplicationFilterChain.internalDoFilter(ApplicationFilterChain.java:243)
	at org.apache.catalina.core.ApplicationFilterChain.doFilter(ApplicationFilterChain.java:210)
	at org.springframework.web.filter.OncePerRequestFilter.doFilter(OncePerRequestFilter.java:70)
	at org.apache.catalina.core.ApplicationFilterChain.internalDoFilter(ApplicationFilterChain.java:243)
	at org.apache.catalina.core.ApplicationFilterChain.doFilter(ApplicationFilterChain.java:210)
	at org.apache.catalina.core.ApplicationDispatcher.invoke(ApplicationDispatcher.java:684)
	at org.apache.catalina.core.ApplicationDispatcher.processRequest(ApplicationDispatcher.java:471)
	at org.apache.catalina.core.ApplicationDispatcher.doForward(ApplicationDispatcher.java:402)
	at org.apache.catalina.core.ApplicationDispatcher.forward(ApplicationDispatcher.java:329)
	at org.codehaus.groovy.grails.web.util.WebUtils.forwardRequestForUrlMappingInfo(WebUtils.java:312)
	at org.codehaus.groovy.grails.web.util.WebUtils.forwardRequestForUrlMappingInfo(WebUtils.java:277)
	at org.codehaus.groovy.grails.web.util.WebUtils.forwardRequestForUrlMappingInfo(WebUtils.java:268)
	at org.codehaus.groovy.grails.web.mapping.filter.UrlMappingsFilter.doFilterInternal(UrlMappingsFilter.java:209)
	at org.springframework.web.filter.OncePerRequestFilter.doFilter(OncePerRequestFilter.java:76)
	at org.apache.catalina.core.ApplicationFilterChain.internalDoFilter(ApplicationFilterChain.java:243)
	at org.apache.catalina.core.ApplicationFilterChain.doFilter(ApplicationFilterChain.java:210)
	at org.codehaus.groovy.grails.web.sitemesh.GrailsPageFilter.obtainContent(GrailsPageFilter.java:200)
	at org.codehaus.groovy.grails.web.sitemesh.GrailsPageFilter.doFilter(GrailsPageFilter.java:151)
	at org.apache.catalina.core.ApplicationFilterChain.internalDoFilter(ApplicationFilterChain.java:243)
	at org.apache.catalina.core.ApplicationFilterChain.doFilter(ApplicationFilterChain.java:210)
	at javax.servlet.FilterChain$doFilter.call(Unknown Source)
	at org.grails.plugin.resource.DevModeSanityFilter.doFilter(DevModeSanityFilter.groovy:44)
	at org.apache.catalina.core.ApplicationFilterChain.internalDoFilter(ApplicationFilterChain.java:243)
	at org.apache.catalina.core.ApplicationFilterChain.doFilter(ApplicationFilterChain.java:210)
	at org.codehaus.groovy.grails.web.servlet.mvc.GrailsWebRequestFilter.doFilterInternal(GrailsWebRequestFilter.java:69)
	at org.springframework.web.filter.OncePerRequestFilter.doFilter(OncePerRequestFilter.java:76)
	at org.apache.catalina.core.ApplicationFilterChain.internalDoFilter(ApplicationFilterChain.java:243)
	at org.apache.catalina.core.ApplicationFilterChain.doFilter(ApplicationFilterChain.java:210)
	at org.codehaus.groovy.grails.web.filters.HiddenHttpMethodFilter.doFilterInternal(HiddenHttpMethodFilter.java:69)
	at org.springframework.web.filter.OncePerRequestFilter.doFilter(OncePerRequestFilter.java:76)
	at org.apache.catalina.core.ApplicationFilterChain.internalDoFilter(ApplicationFilterChain.java:243)
	at org.apache.catalina.core.ApplicationFilterChain.doFilter(ApplicationFilterChain.java:210)
	at com.brandseye.cors.CorsFilter.doFilter(CorsFilter.java:65)
	at org.apache.catalina.core.ApplicationFilterChain.internalDoFilter(ApplicationFilterChain.java:243)
	at org.apache.catalina.core.ApplicationFilterChain.doFilter(ApplicationFilterChain.java:210)
	at org.springframework.web.filter.CharacterEncodingFilter.doFilterInternal(CharacterEncodingFilter.java:88)
	at org.springframework.web.filter.OncePerRequestFilter.doFilter(OncePerRequestFilter.java:76)
	at org.springframework.web.filter.DelegatingFilterProxy.invokeDelegate(DelegatingFilterProxy.java:346)
	at org.springframework.web.filter.DelegatingFilterProxy.doFilter(DelegatingFilterProxy.java:259)
	at org.apache.catalina.core.ApplicationFilterChain.internalDoFilter(ApplicationFilterChain.java:243)
	at org.apache.catalina.core.ApplicationFilterChain.doFilter(ApplicationFilterChain.java:210)
	at org.apache.catalina.core.StandardWrapperValve.invoke(StandardWrapperValve.java:225)
	at org.apache.catalina.core.StandardContextValve.invoke(StandardContextValve.java:169)
	at org.apache.catalina.core.StandardHostValve.invoke(StandardHostValve.java:168)
	at org.apache.catalina.valves.ErrorReportValve.invoke(ErrorReportValve.java:98)
	at org.apache.catalina.core.StandardEngineValve.invoke(StandardEngineValve.java:118)
	at org.apache.catalina.connector.CoyoteAdapter.service(CoyoteAdapter.java:407)
	at org.apache.coyote.http11.AbstractHttp11Processor.process(AbstractHttp11Processor.java:999)
	at org.apache.coyote.AbstractProtocol$AbstractConnectionHandler.process(AbstractProtocol.java:565)
	at org.apache.tomcat.util.net.JIoEndpoint$SocketProcessor.run(JIoEndpoint.java:309)
	at java.util.concurrent.ThreadPoolExecutor$Worker.runTask(ThreadPoolExecutor.java:895)
	at java.util.concurrent.ThreadPoolExecutor$Worker.run(ThreadPoolExecutor.java:918)
	at java.lang.Thread.run(Thread.java:680)
2013-04-19 06:45:18,973 [http-bio-8080-exec-10] ERROR StackTrace  - Full Stack Trace:
groovy.lang.MissingPropertyException: No such property: render for class: PostsController
Possible solutions: index
	at PostsController$_closure1$$EO3SlVeK.doCall(PostsController.groovy:25)
	at grails.plugin.cache.web.filter.PageFragmentCachingFilter.doFilter(PageFragmentCachingFilter.java:195)
	at grails.plugin.cache.web.filter.AbstractFilter.doFilter(AbstractFilter.java:63)
	at com.brandseye.cors.CorsFilter.doFilter(CorsFilter.java:65)
	at java.util.concurrent.ThreadPoolExecutor$Worker.runTask(ThreadPoolExecutor.java:895)
	at java.util.concurrent.ThreadPoolExecutor$Worker.run(ThreadPoolExecutor.java:918)
	at java.lang.Thread.run(Thread.java:680)
2013-04-19 06:45:18,980 [http-bio-8080-exec-10] ERROR StackTrace  - Full Stack Trace:
groovy.lang.MissingPropertyException: No such property: render for class: PostsController
Possible solutions: index
	at PostsController$_closure1$$EO3SlVeK.doCall(PostsController.groovy:25)
	at grails.plugin.cache.web.filter.PageFragmentCachingFilter.doFilter(PageFragmentCachingFilter.java:195)
	at grails.plugin.cache.web.filter.AbstractFilter.doFilter(AbstractFilter.java:63)
	at com.brandseye.cors.CorsFilter.doFilter(CorsFilter.java:65)
	at java.util.concurrent.ThreadPoolExecutor$Worker.runTask(ThreadPoolExecutor.java:895)
	at java.util.concurrent.ThreadPoolExecutor$Worker.run(ThreadPoolExecutor.java:918)
	at java.lang.Thread.run(Thread.java:680)
2013-04-19 06:45:18,981 [http-bio-8080-exec-10] ERROR StackTrace  - Full Stack Trace:
groovy.lang.MissingPropertyException: No such property: render for class: PostsController
Possible solutions: index
	at PostsController$_closure1$$EO3SlVeK.doCall(PostsController.groovy:25)
	at grails.plugin.cache.web.filter.PageFragmentCachingFilter.doFilter(PageFragmentCachingFilter.java:195)
	at grails.plugin.cache.web.filter.AbstractFilter.doFilter(AbstractFilter.java:63)
	at com.brandseye.cors.CorsFilter.doFilter(CorsFilter.java:65)
	at java.util.concurrent.ThreadPoolExecutor$Worker.runTask(ThreadPoolExecutor.java:895)
	at java.util.concurrent.ThreadPoolExecutor$Worker.run(ThreadPoolExecutor.java:918)
	at java.lang.Thread.run(Thread.java:680)
2013-04-19 06:45:18,984 [http-bio-8080-exec-10] ERROR StackTrace  - Full Stack Trace:
groovy.lang.MissingPropertyException: No such property: render for class: PostsController
Possible solutions: index
	at PostsController$_closure1$$EO3SlVeK.doCall(PostsController.groovy:25)
	at grails.plugin.cache.web.filter.PageFragmentCachingFilter.doFilter(PageFragmentCachingFilter.java:195)
	at grails.plugin.cache.web.filter.AbstractFilter.doFilter(AbstractFilter.java:63)
	at com.brandseye.cors.CorsFilter.doFilter(CorsFilter.java:65)
	at java.util.concurrent.ThreadPoolExecutor$Worker.runTask(ThreadPoolExecutor.java:895)
	at java.util.concurrent.ThreadPoolExecutor$Worker.run(ThreadPoolExecutor.java:918)
	at java.lang.Thread.run(Thread.java:680)
2013-04-19 06:45:18,985 [http-bio-8080-exec-10] ERROR StackTrace  - Full Stack Trace:
groovy.lang.MissingPropertyException: No such property: render for class: PostsController
Possible solutions: index
	at PostsController$_closure1$$EO3SlVeK.doCall(PostsController.groovy:25)
	at grails.plugin.cache.web.filter.PageFragmentCachingFilter.doFilter(PageFragmentCachingFilter.java:195)
	at grails.plugin.cache.web.filter.AbstractFilter.doFilter(AbstractFilter.java:63)
	at com.brandseye.cors.CorsFilter.doFilter(CorsFilter.java:65)
	at java.util.concurrent.ThreadPoolExecutor$Worker.runTask(ThreadPoolExecutor.java:895)
	at java.util.concurrent.ThreadPoolExecutor$Worker.run(ThreadPoolExecutor.java:918)
	at java.lang.Thread.run(Thread.java:680)
2013-04-19 06:46:14,953 [http-bio-8080-exec-9] ERROR StackTrace  - Full Stack Trace:
org.codehaus.groovy.control.MultipleCompilationErrorsException: startup failed:
/Users/jiel/dev/sandbox/bloggr-rest-service/grails-app/controllers/PostsController.groovy: 26: You tried to use a map entry for an index operation, this is not allowed. Maybe something should be set in parentheses or a comma is missing?
 @ line 26, column 13.
               posts: posts
               ^

/Users/jiel/dev/sandbox/bloggr-rest-service/grails-app/controllers/PostsController.groovy: 26: You tried to use a map entry for an index operation, this is not allowed. Maybe something should be set in parentheses or a comma is missing?
 @ line 26, column 13.
               posts: posts
               ^

/Users/jiel/dev/sandbox/bloggr-rest-service/grails-app/controllers/PostsController.groovy: 26: You tried to use a map entry for an index operation, this is not allowed. Maybe something should be set in parentheses or a comma is missing?
 @ line 26, column 13.
               posts: posts
               ^

/Users/jiel/dev/sandbox/bloggr-rest-service/grails-app/controllers/PostsController.groovy: 26: You tried to use a map entry for an index operation, this is not allowed. Maybe something should be set in parentheses or a comma is missing?
 @ line 26, column 13.
               posts: posts
               ^

4 errors

	at org.codehaus.groovy.control.ErrorCollector.failIfErrors(ErrorCollector.java:302)
	at org.codehaus.groovy.control.CompilationUnit.applyToPrimaryClassNodes(CompilationUnit.java:994)
	at org.codehaus.groovy.control.CompilationUnit.doPhaseOperation(CompilationUnit.java:546)
	at org.codehaus.groovy.control.CompilationUnit.processPhaseOperations(CompilationUnit.java:524)
	at org.codehaus.groovy.control.CompilationUnit.compile(CompilationUnit.java:501)
	at org.codehaus.groovy.control.CompilationUnit.compile(CompilationUnit.java:480)
	at org.codehaus.groovy.tools.FileSystemCompiler.compile(FileSystemCompiler.java:60)
	at org.codehaus.groovy.tools.FileSystemCompiler.doCompilation(FileSystemCompiler.java:216)
	at org.codehaus.groovy.ant.Groovyc.compile(Groovyc.java:909)
	at org.codehaus.groovy.grails.compiler.Grailsc.compile(Grailsc.java:79)
	at org.codehaus.groovy.ant.Groovyc.execute(Groovyc.java:607)
	at org.apache.tools.ant.UnknownElement.execute(UnknownElement.java:291)
	at sun.reflect.GeneratedMethodAccessor100.invoke(Unknown Source)
	at sun.reflect.DelegatingMethodAccessorImpl.invoke(DelegatingMethodAccessorImpl.java:25)
	at java.lang.reflect.Method.invoke(Method.java:597)
	at com.springsource.loaded.ri.ReflectiveInterceptor.jlrMethodInvoke(ReflectiveInterceptor.java:1237)
	at org.apache.tools.ant.dispatch.DispatchUtils.execute(DispatchUtils.java:106)
	at groovy.util.AntBuilder.performTask(AntBuilder.java:260)
	at groovy.util.AntBuilder.nodeCompleted(AntBuilder.java:220)
	at groovy.util.BuilderSupport.doInvokeMethod(BuilderSupport.java:147)
	at groovy.util.AntBuilder.doInvokeMethod(AntBuilder.java:170)
	at groovy.util.BuilderSupport.invokeMethod(BuilderSupport.java:64)
	at org.codehaus.gant.GantBuilder.invokeMethod(GantBuilder.java:99)
	at org.codehaus.groovy.runtime.callsite.PogoMetaClassSite.call(PogoMetaClassSite.java:45)
	at org.codehaus.groovy.runtime.callsite.AbstractCallSite.call(AbstractCallSite.java:120)
	at org.codehaus.groovy.grails.compiler.GrailsProjectCompiler.compile(GrailsProjectCompiler.groovy:263)
	at org.codehaus.groovy.grails.compiler.GrailsProjectCompiler$compile$0.callCurrent(Unknown Source)
	at org.codehaus.groovy.grails.compiler.GrailsProjectCompiler.compile(GrailsProjectCompiler.groovy:234)
	at org.codehaus.groovy.grails.compiler.GrailsProjectCompiler.compileAll(GrailsProjectCompiler.groovy:226)
	at org.codehaus.groovy.grails.compiler.GrailsProjectWatcher.compileIfSource(GrailsProjectWatcher.java:240)
	at org.codehaus.groovy.grails.compiler.GrailsProjectWatcher.access$300(GrailsProjectWatcher.java:46)
	at org.codehaus.groovy.grails.compiler.GrailsProjectWatcher$1.onChange(GrailsProjectWatcher.java:142)
	at org.codehaus.groovy.grails.compiler.DirectoryWatcher.fireOnChange(DirectoryWatcher.java:162)
	at org.codehaus.groovy.grails.compiler.DirectoryWatcher.run(DirectoryWatcher.java:144)
	at org.codehaus.groovy.grails.compiler.GrailsProjectWatcher.run(GrailsProjectWatcher.java:163)
2013-04-19 06:46:14,953 [http-bio-8080-exec-9] ERROR StackTrace  - Full Stack Trace:
org.codehaus.groovy.control.MultipleCompilationErrorsException: startup failed:
/Users/jiel/dev/sandbox/bloggr-rest-service/grails-app/controllers/PostsController.groovy: 26: You tried to use a map entry for an index operation, this is not allowed. Maybe something should be set in parentheses or a comma is missing?
 @ line 26, column 13.
               posts: posts
               ^

/Users/jiel/dev/sandbox/bloggr-rest-service/grails-app/controllers/PostsController.groovy: 26: You tried to use a map entry for an index operation, this is not allowed. Maybe something should be set in parentheses or a comma is missing?
 @ line 26, column 13.
               posts: posts
               ^

/Users/jiel/dev/sandbox/bloggr-rest-service/grails-app/controllers/PostsController.groovy: 26: You tried to use a map entry for an index operation, this is not allowed. Maybe something should be set in parentheses or a comma is missing?
 @ line 26, column 13.
               posts: posts
               ^

/Users/jiel/dev/sandbox/bloggr-rest-service/grails-app/controllers/PostsController.groovy: 26: You tried to use a map entry for an index operation, this is not allowed. Maybe something should be set in parentheses or a comma is missing?
 @ line 26, column 13.
               posts: posts
               ^

4 errors

	at org.codehaus.groovy.control.ErrorCollector.failIfErrors(ErrorCollector.java:302)
	at org.codehaus.groovy.control.CompilationUnit.applyToPrimaryClassNodes(CompilationUnit.java:994)
	at org.codehaus.groovy.control.CompilationUnit.doPhaseOperation(CompilationUnit.java:546)
	at org.codehaus.groovy.control.CompilationUnit.processPhaseOperations(CompilationUnit.java:524)
	at org.codehaus.groovy.control.CompilationUnit.compile(CompilationUnit.java:501)
	at org.codehaus.groovy.control.CompilationUnit.compile(CompilationUnit.java:480)
	at org.codehaus.groovy.tools.FileSystemCompiler.compile(FileSystemCompiler.java:60)
	at org.codehaus.groovy.tools.FileSystemCompiler.doCompilation(FileSystemCompiler.java:216)
	at org.codehaus.groovy.ant.Groovyc.compile(Groovyc.java:909)
	at org.codehaus.groovy.ant.Groovyc.execute(Groovyc.java:607)
	at org.apache.tools.ant.UnknownElement.execute(UnknownElement.java:291)
	at org.apache.tools.ant.dispatch.DispatchUtils.execute(DispatchUtils.java:106)
2013-04-19 06:46:14,958 [http-bio-8080-exec-9] ERROR StackTrace  - Full Stack Trace:
org.codehaus.groovy.control.MultipleCompilationErrorsException: startup failed:
/Users/jiel/dev/sandbox/bloggr-rest-service/grails-app/controllers/PostsController.groovy: 26: You tried to use a map entry for an index operation, this is not allowed. Maybe something should be set in parentheses or a comma is missing?
 @ line 26, column 13.
               posts: posts
               ^

/Users/jiel/dev/sandbox/bloggr-rest-service/grails-app/controllers/PostsController.groovy: 26: You tried to use a map entry for an index operation, this is not allowed. Maybe something should be set in parentheses or a comma is missing?
 @ line 26, column 13.
               posts: posts
               ^

/Users/jiel/dev/sandbox/bloggr-rest-service/grails-app/controllers/PostsController.groovy: 26: You tried to use a map entry for an index operation, this is not allowed. Maybe something should be set in parentheses or a comma is missing?
 @ line 26, column 13.
               posts: posts
               ^

/Users/jiel/dev/sandbox/bloggr-rest-service/grails-app/controllers/PostsController.groovy: 26: You tried to use a map entry for an index operation, this is not allowed. Maybe something should be set in parentheses or a comma is missing?
 @ line 26, column 13.
               posts: posts
               ^

4 errors

	at org.codehaus.groovy.control.ErrorCollector.failIfErrors(ErrorCollector.java:302)
	at org.codehaus.groovy.control.CompilationUnit.applyToPrimaryClassNodes(CompilationUnit.java:994)
	at org.codehaus.groovy.control.CompilationUnit.doPhaseOperation(CompilationUnit.java:546)
	at org.codehaus.groovy.control.CompilationUnit.processPhaseOperations(CompilationUnit.java:524)
	at org.codehaus.groovy.control.CompilationUnit.compile(CompilationUnit.java:501)
	at org.codehaus.groovy.control.CompilationUnit.compile(CompilationUnit.java:480)
	at org.codehaus.groovy.tools.FileSystemCompiler.compile(FileSystemCompiler.java:60)
	at org.codehaus.groovy.tools.FileSystemCompiler.doCompilation(FileSystemCompiler.java:216)
	at org.codehaus.groovy.ant.Groovyc.compile(Groovyc.java:909)
	at org.codehaus.groovy.ant.Groovyc.execute(Groovyc.java:607)
	at org.apache.tools.ant.UnknownElement.execute(UnknownElement.java:291)
	at org.apache.tools.ant.dispatch.DispatchUtils.execute(DispatchUtils.java:106)
2013-04-19 06:46:14,959 [http-bio-8080-exec-9] ERROR StackTrace  - Full Stack Trace:
org.codehaus.groovy.control.MultipleCompilationErrorsException: startup failed:
/Users/jiel/dev/sandbox/bloggr-rest-service/grails-app/controllers/PostsController.groovy: 26: You tried to use a map entry for an index operation, this is not allowed. Maybe something should be set in parentheses or a comma is missing?
 @ line 26, column 13.
               posts: posts
               ^

/Users/jiel/dev/sandbox/bloggr-rest-service/grails-app/controllers/PostsController.groovy: 26: You tried to use a map entry for an index operation, this is not allowed. Maybe something should be set in parentheses or a comma is missing?
 @ line 26, column 13.
               posts: posts
               ^

/Users/jiel/dev/sandbox/bloggr-rest-service/grails-app/controllers/PostsController.groovy: 26: You tried to use a map entry for an index operation, this is not allowed. Maybe something should be set in parentheses or a comma is missing?
 @ line 26, column 13.
               posts: posts
               ^

/Users/jiel/dev/sandbox/bloggr-rest-service/grails-app/controllers/PostsController.groovy: 26: You tried to use a map entry for an index operation, this is not allowed. Maybe something should be set in parentheses or a comma is missing?
 @ line 26, column 13.
               posts: posts
               ^

4 errors

	at org.codehaus.groovy.control.ErrorCollector.failIfErrors(ErrorCollector.java:302)
	at org.codehaus.groovy.control.CompilationUnit.applyToPrimaryClassNodes(CompilationUnit.java:994)
	at org.codehaus.groovy.control.CompilationUnit.doPhaseOperation(CompilationUnit.java:546)
	at org.codehaus.groovy.control.CompilationUnit.processPhaseOperations(CompilationUnit.java:524)
	at org.codehaus.groovy.control.CompilationUnit.compile(CompilationUnit.java:501)
	at org.codehaus.groovy.control.CompilationUnit.compile(CompilationUnit.java:480)
	at org.codehaus.groovy.tools.FileSystemCompiler.compile(FileSystemCompiler.java:60)
	at org.codehaus.groovy.tools.FileSystemCompiler.doCompilation(FileSystemCompiler.java:216)
	at org.codehaus.groovy.ant.Groovyc.compile(Groovyc.java:909)
	at org.codehaus.groovy.ant.Groovyc.execute(Groovyc.java:607)
	at org.apache.tools.ant.UnknownElement.execute(UnknownElement.java:291)
	at org.apache.tools.ant.dispatch.DispatchUtils.execute(DispatchUtils.java:106)
2013-04-19 06:47:25,745 [http-bio-8080-exec-10] ERROR StackTrace  - Full Stack Trace:
org.codehaus.groovy.control.MultipleCompilationErrorsException: startup failed:
/Users/jiel/dev/sandbox/bloggr-rest-service/grails-app/controllers/PostsController.groovy: 26: You tried to use a map entry for an index operation, this is not allowed. Maybe something should be set in parentheses or a comma is missing?
 @ line 26, column 13.
               posts: 'jie'
               ^

/Users/jiel/dev/sandbox/bloggr-rest-service/grails-app/controllers/PostsController.groovy: 26: You tried to use a map entry for an index operation, this is not allowed. Maybe something should be set in parentheses or a comma is missing?
 @ line 26, column 13.
               posts: 'jie'
               ^

/Users/jiel/dev/sandbox/bloggr-rest-service/grails-app/controllers/PostsController.groovy: 26: You tried to use a map entry for an index operation, this is not allowed. Maybe something should be set in parentheses or a comma is missing?
 @ line 26, column 13.
               posts: 'jie'
               ^

/Users/jiel/dev/sandbox/bloggr-rest-service/grails-app/controllers/PostsController.groovy: 26: You tried to use a map entry for an index operation, this is not allowed. Maybe something should be set in parentheses or a comma is missing?
 @ line 26, column 13.
               posts: 'jie'
               ^

4 errors

	at org.codehaus.groovy.control.ErrorCollector.failIfErrors(ErrorCollector.java:302)
	at org.codehaus.groovy.control.CompilationUnit.applyToPrimaryClassNodes(CompilationUnit.java:994)
	at org.codehaus.groovy.control.CompilationUnit.doPhaseOperation(CompilationUnit.java:546)
	at org.codehaus.groovy.control.CompilationUnit.processPhaseOperations(CompilationUnit.java:524)
	at org.codehaus.groovy.control.CompilationUnit.compile(CompilationUnit.java:501)
	at org.codehaus.groovy.control.CompilationUnit.compile(CompilationUnit.java:480)
	at org.codehaus.groovy.tools.FileSystemCompiler.compile(FileSystemCompiler.java:60)
	at org.codehaus.groovy.tools.FileSystemCompiler.doCompilation(FileSystemCompiler.java:216)
	at org.codehaus.groovy.ant.Groovyc.compile(Groovyc.java:909)
	at org.codehaus.groovy.ant.Groovyc.execute(Groovyc.java:607)
	at org.apache.tools.ant.UnknownElement.execute(UnknownElement.java:291)
	at org.apache.tools.ant.dispatch.DispatchUtils.execute(DispatchUtils.java:106)
2013-04-19 06:47:25,745 [http-bio-8080-exec-10] ERROR StackTrace  - Full Stack Trace:
org.codehaus.groovy.control.MultipleCompilationErrorsException: startup failed:
/Users/jiel/dev/sandbox/bloggr-rest-service/grails-app/controllers/PostsController.groovy: 26: You tried to use a map entry for an index operation, this is not allowed. Maybe something should be set in parentheses or a comma is missing?
 @ line 26, column 13.
               posts: 'jie'
               ^

/Users/jiel/dev/sandbox/bloggr-rest-service/grails-app/controllers/PostsController.groovy: 26: You tried to use a map entry for an index operation, this is not allowed. Maybe something should be set in parentheses or a comma is missing?
 @ line 26, column 13.
               posts: 'jie'
               ^

/Users/jiel/dev/sandbox/bloggr-rest-service/grails-app/controllers/PostsController.groovy: 26: You tried to use a map entry for an index operation, this is not allowed. Maybe something should be set in parentheses or a comma is missing?
 @ line 26, column 13.
               posts: 'jie'
               ^

/Users/jiel/dev/sandbox/bloggr-rest-service/grails-app/controllers/PostsController.groovy: 26: You tried to use a map entry for an index operation, this is not allowed. Maybe something should be set in parentheses or a comma is missing?
 @ line 26, column 13.
               posts: 'jie'
               ^

4 errors

	at org.codehaus.groovy.control.ErrorCollector.failIfErrors(ErrorCollector.java:302)
	at org.codehaus.groovy.control.CompilationUnit.applyToPrimaryClassNodes(CompilationUnit.java:994)
	at org.codehaus.groovy.control.CompilationUnit.doPhaseOperation(CompilationUnit.java:546)
	at org.codehaus.groovy.control.CompilationUnit.processPhaseOperations(CompilationUnit.java:524)
	at org.codehaus.groovy.control.CompilationUnit.compile(CompilationUnit.java:501)
	at org.codehaus.groovy.control.CompilationUnit.compile(CompilationUnit.java:480)
	at org.codehaus.groovy.tools.FileSystemCompiler.compile(FileSystemCompiler.java:60)
	at org.codehaus.groovy.tools.FileSystemCompiler.doCompilation(FileSystemCompiler.java:216)
	at org.codehaus.groovy.ant.Groovyc.compile(Groovyc.java:909)
	at org.codehaus.groovy.ant.Groovyc.execute(Groovyc.java:607)
	at org.apache.tools.ant.UnknownElement.execute(UnknownElement.java:291)
	at org.apache.tools.ant.dispatch.DispatchUtils.execute(DispatchUtils.java:106)
2013-04-19 06:47:25,747 [http-bio-8080-exec-10] ERROR StackTrace  - Full Stack Trace:
org.codehaus.groovy.control.MultipleCompilationErrorsException: startup failed:
/Users/jiel/dev/sandbox/bloggr-rest-service/grails-app/controllers/PostsController.groovy: 26: You tried to use a map entry for an index operation, this is not allowed. Maybe something should be set in parentheses or a comma is missing?
 @ line 26, column 13.
               posts: 'jie'
               ^

/Users/jiel/dev/sandbox/bloggr-rest-service/grails-app/controllers/PostsController.groovy: 26: You tried to use a map entry for an index operation, this is not allowed. Maybe something should be set in parentheses or a comma is missing?
 @ line 26, column 13.
               posts: 'jie'
               ^

/Users/jiel/dev/sandbox/bloggr-rest-service/grails-app/controllers/PostsController.groovy: 26: You tried to use a map entry for an index operation, this is not allowed. Maybe something should be set in parentheses or a comma is missing?
 @ line 26, column 13.
               posts: 'jie'
               ^

/Users/jiel/dev/sandbox/bloggr-rest-service/grails-app/controllers/PostsController.groovy: 26: You tried to use a map entry for an index operation, this is not allowed. Maybe something should be set in parentheses or a comma is missing?
 @ line 26, column 13.
               posts: 'jie'
               ^

4 errors

	at org.codehaus.groovy.control.ErrorCollector.failIfErrors(ErrorCollector.java:302)
	at org.codehaus.groovy.control.CompilationUnit.applyToPrimaryClassNodes(CompilationUnit.java:994)
	at org.codehaus.groovy.control.CompilationUnit.doPhaseOperation(CompilationUnit.java:546)
	at org.codehaus.groovy.control.CompilationUnit.processPhaseOperations(CompilationUnit.java:524)
	at org.codehaus.groovy.control.CompilationUnit.compile(CompilationUnit.java:501)
	at org.codehaus.groovy.control.CompilationUnit.compile(CompilationUnit.java:480)
	at org.codehaus.groovy.tools.FileSystemCompiler.compile(FileSystemCompiler.java:60)
	at org.codehaus.groovy.tools.FileSystemCompiler.doCompilation(FileSystemCompiler.java:216)
	at org.codehaus.groovy.ant.Groovyc.compile(Groovyc.java:909)
	at org.codehaus.groovy.ant.Groovyc.execute(Groovyc.java:607)
	at org.apache.tools.ant.UnknownElement.execute(UnknownElement.java:291)
	at org.apache.tools.ant.dispatch.DispatchUtils.execute(DispatchUtils.java:106)
2013-04-19 06:47:25,748 [http-bio-8080-exec-10] ERROR StackTrace  - Full Stack Trace:
org.codehaus.groovy.control.MultipleCompilationErrorsException: startup failed:
/Users/jiel/dev/sandbox/bloggr-rest-service/grails-app/controllers/PostsController.groovy: 26: You tried to use a map entry for an index operation, this is not allowed. Maybe something should be set in parentheses or a comma is missing?
 @ line 26, column 13.
               posts: 'jie'
               ^

/Users/jiel/dev/sandbox/bloggr-rest-service/grails-app/controllers/PostsController.groovy: 26: You tried to use a map entry for an index operation, this is not allowed. Maybe something should be set in parentheses or a comma is missing?
 @ line 26, column 13.
               posts: 'jie'
               ^

/Users/jiel/dev/sandbox/bloggr-rest-service/grails-app/controllers/PostsController.groovy: 26: You tried to use a map entry for an index operation, this is not allowed. Maybe something should be set in parentheses or a comma is missing?
 @ line 26, column 13.
               posts: 'jie'
               ^

/Users/jiel/dev/sandbox/bloggr-rest-service/grails-app/controllers/PostsController.groovy: 26: You tried to use a map entry for an index operation, this is not allowed. Maybe something should be set in parentheses or a comma is missing?
 @ line 26, column 13.
               posts: 'jie'
               ^

4 errors

	at org.codehaus.groovy.control.ErrorCollector.failIfErrors(ErrorCollector.java:302)
	at org.codehaus.groovy.control.CompilationUnit.applyToPrimaryClassNodes(CompilationUnit.java:994)
	at org.codehaus.groovy.control.CompilationUnit.doPhaseOperation(CompilationUnit.java:546)
	at org.codehaus.groovy.control.CompilationUnit.processPhaseOperations(CompilationUnit.java:524)
	at org.codehaus.groovy.control.CompilationUnit.compile(CompilationUnit.java:501)
	at org.codehaus.groovy.control.CompilationUnit.compile(CompilationUnit.java:480)
	at org.codehaus.groovy.tools.FileSystemCompiler.compile(FileSystemCompiler.java:60)
	at org.codehaus.groovy.tools.FileSystemCompiler.doCompilation(FileSystemCompiler.java:216)
	at org.codehaus.groovy.ant.Groovyc.compile(Groovyc.java:909)
	at org.codehaus.groovy.ant.Groovyc.execute(Groovyc.java:607)
	at org.apache.tools.ant.UnknownElement.execute(UnknownElement.java:291)
	at org.apache.tools.ant.dispatch.DispatchUtils.execute(DispatchUtils.java:106)
2013-04-19 06:50:34,938 [http-bio-8080-exec-2] ERROR StackTrace  - Full Stack Trace:
org.codehaus.groovy.control.MultipleCompilationErrorsException: startup failed:
/Users/jiel/dev/sandbox/bloggr-rest-service/grails-app/controllers/PostsController.groovy: 29: You tried to use a map entry for an index operation, this is not allowed. Maybe something should be set in parentheses or a comma is missing?
 @ line 29, column 13.
               posts: posts
               ^

/Users/jiel/dev/sandbox/bloggr-rest-service/grails-app/controllers/PostsController.groovy: 29: You tried to use a map entry for an index operation, this is not allowed. Maybe something should be set in parentheses or a comma is missing?
 @ line 29, column 13.
               posts: posts
               ^

/Users/jiel/dev/sandbox/bloggr-rest-service/grails-app/controllers/PostsController.groovy: 29: You tried to use a map entry for an index operation, this is not allowed. Maybe something should be set in parentheses or a comma is missing?
 @ line 29, column 13.
               posts: posts
               ^

/Users/jiel/dev/sandbox/bloggr-rest-service/grails-app/controllers/PostsController.groovy: 29: You tried to use a map entry for an index operation, this is not allowed. Maybe something should be set in parentheses or a comma is missing?
 @ line 29, column 13.
               posts: posts
               ^

4 errors

	at org.codehaus.groovy.control.ErrorCollector.failIfErrors(ErrorCollector.java:302)
	at org.codehaus.groovy.control.CompilationUnit.applyToPrimaryClassNodes(CompilationUnit.java:994)
	at org.codehaus.groovy.control.CompilationUnit.doPhaseOperation(CompilationUnit.java:546)
	at org.codehaus.groovy.control.CompilationUnit.processPhaseOperations(CompilationUnit.java:524)
	at org.codehaus.groovy.control.CompilationUnit.compile(CompilationUnit.java:501)
	at org.codehaus.groovy.control.CompilationUnit.compile(CompilationUnit.java:480)
	at org.codehaus.groovy.tools.FileSystemCompiler.compile(FileSystemCompiler.java:60)
	at org.codehaus.groovy.tools.FileSystemCompiler.doCompilation(FileSystemCompiler.java:216)
	at org.codehaus.groovy.ant.Groovyc.compile(Groovyc.java:909)
	at org.codehaus.groovy.grails.compiler.Grailsc.compile(Grailsc.java:79)
	at org.codehaus.groovy.ant.Groovyc.execute(Groovyc.java:607)
	at org.apache.tools.ant.UnknownElement.execute(UnknownElement.java:291)
	at sun.reflect.GeneratedMethodAccessor100.invoke(Unknown Source)
	at sun.reflect.DelegatingMethodAccessorImpl.invoke(DelegatingMethodAccessorImpl.java:25)
	at java.lang.reflect.Method.invoke(Method.java:597)
	at com.springsource.loaded.ri.ReflectiveInterceptor.jlrMethodInvoke(ReflectiveInterceptor.java:1237)
	at org.apache.tools.ant.dispatch.DispatchUtils.execute(DispatchUtils.java:106)
	at groovy.util.AntBuilder.performTask(AntBuilder.java:260)
	at groovy.util.AntBuilder.nodeCompleted(AntBuilder.java:220)
	at groovy.util.BuilderSupport.doInvokeMethod(BuilderSupport.java:147)
	at groovy.util.AntBuilder.doInvokeMethod(AntBuilder.java:170)
	at groovy.util.BuilderSupport.invokeMethod(BuilderSupport.java:64)
	at org.codehaus.gant.GantBuilder.invokeMethod(GantBuilder.java:99)
	at org.codehaus.groovy.runtime.callsite.PogoMetaClassSite.call(PogoMetaClassSite.java:45)
	at org.codehaus.groovy.runtime.callsite.AbstractCallSite.call(AbstractCallSite.java:120)
	at org.codehaus.groovy.grails.compiler.GrailsProjectCompiler.compile(GrailsProjectCompiler.groovy:263)
	at org.codehaus.groovy.grails.compiler.GrailsProjectCompiler$compile$0.callCurrent(Unknown Source)
	at org.codehaus.groovy.grails.compiler.GrailsProjectCompiler.compile(GrailsProjectCompiler.groovy:234)
	at org.codehaus.groovy.grails.compiler.GrailsProjectCompiler.compileAll(GrailsProjectCompiler.groovy:226)
	at org.codehaus.groovy.grails.compiler.GrailsProjectWatcher.compileIfSource(GrailsProjectWatcher.java:240)
	at org.codehaus.groovy.grails.compiler.GrailsProjectWatcher.access$300(GrailsProjectWatcher.java:46)
	at org.codehaus.groovy.grails.compiler.GrailsProjectWatcher$1.onChange(GrailsProjectWatcher.java:142)
	at org.codehaus.groovy.grails.compiler.DirectoryWatcher.fireOnChange(DirectoryWatcher.java:162)
	at org.codehaus.groovy.grails.compiler.DirectoryWatcher.run(DirectoryWatcher.java:144)
	at org.codehaus.groovy.grails.compiler.GrailsProjectWatcher.run(GrailsProjectWatcher.java:163)
2013-04-19 06:50:34,939 [http-bio-8080-exec-2] ERROR StackTrace  - Full Stack Trace:
org.codehaus.groovy.control.MultipleCompilationErrorsException: startup failed:
/Users/jiel/dev/sandbox/bloggr-rest-service/grails-app/controllers/PostsController.groovy: 29: You tried to use a map entry for an index operation, this is not allowed. Maybe something should be set in parentheses or a comma is missing?
 @ line 29, column 13.
               posts: posts
               ^

/Users/jiel/dev/sandbox/bloggr-rest-service/grails-app/controllers/PostsController.groovy: 29: You tried to use a map entry for an index operation, this is not allowed. Maybe something should be set in parentheses or a comma is missing?
 @ line 29, column 13.
               posts: posts
               ^

/Users/jiel/dev/sandbox/bloggr-rest-service/grails-app/controllers/PostsController.groovy: 29: You tried to use a map entry for an index operation, this is not allowed. Maybe something should be set in parentheses or a comma is missing?
 @ line 29, column 13.
               posts: posts
               ^

/Users/jiel/dev/sandbox/bloggr-rest-service/grails-app/controllers/PostsController.groovy: 29: You tried to use a map entry for an index operation, this is not allowed. Maybe something should be set in parentheses or a comma is missing?
 @ line 29, column 13.
               posts: posts
               ^

4 errors

	at org.codehaus.groovy.control.ErrorCollector.failIfErrors(ErrorCollector.java:302)
	at org.codehaus.groovy.control.CompilationUnit.applyToPrimaryClassNodes(CompilationUnit.java:994)
	at org.codehaus.groovy.control.CompilationUnit.doPhaseOperation(CompilationUnit.java:546)
	at org.codehaus.groovy.control.CompilationUnit.processPhaseOperations(CompilationUnit.java:524)
	at org.codehaus.groovy.control.CompilationUnit.compile(CompilationUnit.java:501)
	at org.codehaus.groovy.control.CompilationUnit.compile(CompilationUnit.java:480)
	at org.codehaus.groovy.tools.FileSystemCompiler.compile(FileSystemCompiler.java:60)
	at org.codehaus.groovy.tools.FileSystemCompiler.doCompilation(FileSystemCompiler.java:216)
	at org.codehaus.groovy.ant.Groovyc.compile(Groovyc.java:909)
	at org.codehaus.groovy.ant.Groovyc.execute(Groovyc.java:607)
	at org.apache.tools.ant.UnknownElement.execute(UnknownElement.java:291)
	at org.apache.tools.ant.dispatch.DispatchUtils.execute(DispatchUtils.java:106)
2013-04-19 06:50:34,942 [http-bio-8080-exec-2] ERROR StackTrace  - Full Stack Trace:
org.codehaus.groovy.control.MultipleCompilationErrorsException: startup failed:
/Users/jiel/dev/sandbox/bloggr-rest-service/grails-app/controllers/PostsController.groovy: 29: You tried to use a map entry for an index operation, this is not allowed. Maybe something should be set in parentheses or a comma is missing?
 @ line 29, column 13.
               posts: posts
               ^

/Users/jiel/dev/sandbox/bloggr-rest-service/grails-app/controllers/PostsController.groovy: 29: You tried to use a map entry for an index operation, this is not allowed. Maybe something should be set in parentheses or a comma is missing?
 @ line 29, column 13.
               posts: posts
               ^

/Users/jiel/dev/sandbox/bloggr-rest-service/grails-app/controllers/PostsController.groovy: 29: You tried to use a map entry for an index operation, this is not allowed. Maybe something should be set in parentheses or a comma is missing?
 @ line 29, column 13.
               posts: posts
               ^

/Users/jiel/dev/sandbox/bloggr-rest-service/grails-app/controllers/PostsController.groovy: 29: You tried to use a map entry for an index operation, this is not allowed. Maybe something should be set in parentheses or a comma is missing?
 @ line 29, column 13.
               posts: posts
               ^

4 errors

	at org.codehaus.groovy.control.ErrorCollector.failIfErrors(ErrorCollector.java:302)
	at org.codehaus.groovy.control.CompilationUnit.applyToPrimaryClassNodes(CompilationUnit.java:994)
	at org.codehaus.groovy.control.CompilationUnit.doPhaseOperation(CompilationUnit.java:546)
	at org.codehaus.groovy.control.CompilationUnit.processPhaseOperations(CompilationUnit.java:524)
	at org.codehaus.groovy.control.CompilationUnit.compile(CompilationUnit.java:501)
	at org.codehaus.groovy.control.CompilationUnit.compile(CompilationUnit.java:480)
	at org.codehaus.groovy.tools.FileSystemCompiler.compile(FileSystemCompiler.java:60)
	at org.codehaus.groovy.tools.FileSystemCompiler.doCompilation(FileSystemCompiler.java:216)
	at org.codehaus.groovy.ant.Groovyc.compile(Groovyc.java:909)
	at org.codehaus.groovy.ant.Groovyc.execute(Groovyc.java:607)
	at org.apache.tools.ant.UnknownElement.execute(UnknownElement.java:291)
	at org.apache.tools.ant.dispatch.DispatchUtils.execute(DispatchUtils.java:106)
2013-04-19 06:50:34,942 [http-bio-8080-exec-2] ERROR StackTrace  - Full Stack Trace:
org.codehaus.groovy.control.MultipleCompilationErrorsException: startup failed:
/Users/jiel/dev/sandbox/bloggr-rest-service/grails-app/controllers/PostsController.groovy: 29: You tried to use a map entry for an index operation, this is not allowed. Maybe something should be set in parentheses or a comma is missing?
 @ line 29, column 13.
               posts: posts
               ^

/Users/jiel/dev/sandbox/bloggr-rest-service/grails-app/controllers/PostsController.groovy: 29: You tried to use a map entry for an index operation, this is not allowed. Maybe something should be set in parentheses or a comma is missing?
 @ line 29, column 13.
               posts: posts
               ^

/Users/jiel/dev/sandbox/bloggr-rest-service/grails-app/controllers/PostsController.groovy: 29: You tried to use a map entry for an index operation, this is not allowed. Maybe something should be set in parentheses or a comma is missing?
 @ line 29, column 13.
               posts: posts
               ^

/Users/jiel/dev/sandbox/bloggr-rest-service/grails-app/controllers/PostsController.groovy: 29: You tried to use a map entry for an index operation, this is not allowed. Maybe something should be set in parentheses or a comma is missing?
 @ line 29, column 13.
               posts: posts
               ^

4 errors

	at org.codehaus.groovy.control.ErrorCollector.failIfErrors(ErrorCollector.java:302)
	at org.codehaus.groovy.control.CompilationUnit.applyToPrimaryClassNodes(CompilationUnit.java:994)
	at org.codehaus.groovy.control.CompilationUnit.doPhaseOperation(CompilationUnit.java:546)
	at org.codehaus.groovy.control.CompilationUnit.processPhaseOperations(CompilationUnit.java:524)
	at org.codehaus.groovy.control.CompilationUnit.compile(CompilationUnit.java:501)
	at org.codehaus.groovy.control.CompilationUnit.compile(CompilationUnit.java:480)
	at org.codehaus.groovy.tools.FileSystemCompiler.compile(FileSystemCompiler.java:60)
	at org.codehaus.groovy.tools.FileSystemCompiler.doCompilation(FileSystemCompiler.java:216)
	at org.codehaus.groovy.ant.Groovyc.compile(Groovyc.java:909)
	at org.codehaus.groovy.ant.Groovyc.execute(Groovyc.java:607)
	at org.apache.tools.ant.UnknownElement.execute(UnknownElement.java:291)
	at org.apache.tools.ant.dispatch.DispatchUtils.execute(DispatchUtils.java:106)
2013-04-19 19:17:43,082 [http-bio-8080-exec-5] ERROR StackTrace  - Full Stack Trace:
java.lang.NumberFormatException: For input string: "null"
	at java.lang.NumberFormatException.forInputString(NumberFormatException.java:48)
	at java.lang.Integer.parseInt(Integer.java:449)
	at java.lang.Integer.valueOf(Integer.java:554)
	at org.codehaus.groovy.runtime.DefaultGroovyMethods.toInteger(DefaultGroovyMethods.java:13119)
	at org.codehaus.groovy.runtime.dgm$793.invoke(Unknown Source)
	at org.codehaus.groovy.runtime.callsite.PojoMetaMethodSite$PojoMetaMethodSiteNoUnwrapNoCoerce.invoke(PojoMetaMethodSite.java:271)
	at org.codehaus.groovy.runtime.callsite.PojoMetaMethodSite.call(PojoMetaMethodSite.java:53)
	at org.codehaus.groovy.runtime.callsite.CallSiteArray.defaultCall(CallSiteArray.java:42)
	at org.codehaus.groovy.runtime.callsite.AbstractCallSite.call(AbstractCallSite.java:108)
	at org.codehaus.groovy.runtime.callsite.AbstractCallSite.call(AbstractCallSite.java:112)
	at org.codehaus.groovy.runtime.callsite.AbstractCallSite.callSafe(AbstractCallSite.java:75)
	at PostController$_closure2$$EO3Voucq.doCall(PostController.groovy:35)
	at sun.reflect.NativeMethodAccessorImpl.invoke0(Native Method)
	at sun.reflect.NativeMethodAccessorImpl.invoke(NativeMethodAccessorImpl.java:39)
	at sun.reflect.DelegatingMethodAccessorImpl.invoke(DelegatingMethodAccessorImpl.java:25)
	at java.lang.reflect.Method.invoke(Method.java:597)
	at com.springsource.loaded.ri.ReloadedTypeInvoker$2.invoke(ReloadedTypeInvoker.java:107)
	at com.springsource.loaded.ri.ReflectiveInterceptor.jlrMethodInvoke(ReflectiveInterceptor.java:1260)
	at org.codehaus.groovy.runtime.callsite.PogoMetaMethodSite$PogoCachedMethodSite.invoke(PogoMetaMethodSite.java:226)
	at org.codehaus.groovy.runtime.callsite.PogoMetaMethodSite.callCurrent(PogoMetaMethodSite.java:52)
	at org.codehaus.groovy.runtime.callsite.CallSiteArray.defaultCallCurrent(CallSiteArray.java:46)
	at org.codehaus.groovy.runtime.callsite.AbstractCallSite.callCurrent(AbstractCallSite.java:133)
	at org.codehaus.groovy.runtime.callsite.AbstractCallSite.callCurrent(AbstractCallSite.java:141)
	at PostController$_closure2$$EO3Voucq.doCall(PostController.groovy)
	at sun.reflect.NativeMethodAccessorImpl.invoke0(Native Method)
	at sun.reflect.NativeMethodAccessorImpl.invoke(NativeMethodAccessorImpl.java:39)
	at sun.reflect.DelegatingMethodAccessorImpl.invoke(DelegatingMethodAccessorImpl.java:25)
	at java.lang.reflect.Method.invoke(Method.java:597)
	at com.springsource.loaded.ri.ReloadedTypeInvoker$2.invoke(ReloadedTypeInvoker.java:107)
	at com.springsource.loaded.ri.ReflectiveInterceptor.jlrMethodInvoke(ReflectiveInterceptor.java:1260)
	at org.codehaus.groovy.reflection.CachedMethod.invoke(CachedMethod.java:90)
	at groovy.lang.MetaMethod.doMethodInvoke(MetaMethod.java:233)
	at groovy.lang.MetaClassImpl.invokeMethod(MetaClassImpl.java:1047)
	at groovy.lang.ExpandoMetaClass.invokeMethod(ExpandoMetaClass.java:1110)
	at groovy.lang.MetaClassImpl.invokeMethod(MetaClassImpl.java:877)
	at groovy.lang.Closure.call(Closure.java:412)
	at PostController$_closure2.call(PostController.groovy)
	at groovy.lang.Closure.call(Closure.java:406)
	at PostController$_closure2.call(PostController.groovy)
	at java_util_concurrent_Callable$call.call(Unknown Source)
	at org.codehaus.groovy.runtime.callsite.CallSiteArray.defaultCall(CallSiteArray.java:42)
	at org.codehaus.groovy.runtime.callsite.AbstractCallSite.call(AbstractCallSite.java:108)
	at org.codehaus.groovy.runtime.callsite.AbstractCallSite.call(AbstractCallSite.java:112)
	at PostController$$EO3Voucq.find(PostController.groovy)
	at sun.reflect.NativeMethodAccessorImpl.invoke0(Native Method)
	at sun.reflect.NativeMethodAccessorImpl.invoke(NativeMethodAccessorImpl.java:39)
	at sun.reflect.DelegatingMethodAccessorImpl.invoke(DelegatingMethodAccessorImpl.java:25)
	at java.lang.reflect.Method.invoke(Method.java:597)
	at com.springsource.loaded.ri.ReloadedTypeInvoker$2.invoke(ReloadedTypeInvoker.java:107)
	at com.springsource.loaded.ri.ReflectiveInterceptor.jlrMethodInvoke(ReflectiveInterceptor.java:1260)
	at org.codehaus.groovy.grails.web.servlet.mvc.MixedGrailsControllerHelper.invoke(MixedGrailsControllerHelper.java:69)
	at grails.plugin.cache.web.ProxyAwareMixedGrailsControllerHelper.invoke(ProxyAwareMixedGrailsControllerHelper.java)
	at org.codehaus.groovy.grails.web.servlet.mvc.AbstractGrailsControllerHelper.handleAction(AbstractGrailsControllerHelper.java:331)
	at grails.plugin.cache.web.ProxyAwareMixedGrailsControllerHelper.handleAction(ProxyAwareMixedGrailsControllerHelper.java)
	at org.codehaus.groovy.grails.web.servlet.mvc.AbstractGrailsControllerHelper.executeAction(AbstractGrailsControllerHelper.java:212)
	at grails.plugin.cache.web.ProxyAwareMixedGrailsControllerHelper.executeAction(ProxyAwareMixedGrailsControllerHelper.java)
	at org.codehaus.groovy.grails.web.servlet.mvc.AbstractGrailsControllerHelper.handleURI(AbstractGrailsControllerHelper.java:178)
	at grails.plugin.cache.web.ProxyAwareMixedGrailsControllerHelper.handleURI(ProxyAwareMixedGrailsControllerHelper.java)
	at org.codehaus.groovy.grails.web.servlet.mvc.AbstractGrailsControllerHelper.handleURI(AbstractGrailsControllerHelper.java:117)
	at grails.plugin.cache.web.ProxyAwareMixedGrailsControllerHelper.handleURI(ProxyAwareMixedGrailsControllerHelper.java)
	at org.codehaus.groovy.grails.web.servlet.mvc.SimpleGrailsController.handleRequest(SimpleGrailsController.java:72)
	at org.springframework.web.servlet.mvc.SimpleControllerHandlerAdapter.handle(SimpleControllerHandlerAdapter.java:48)
	at org.codehaus.groovy.grails.web.servlet.GrailsDispatcherServlet.doDispatch(GrailsDispatcherServlet.java:323)
	at org.springframework.web.servlet.DispatcherServlet.doService(DispatcherServlet.java:827)
	at org.springframework.web.servlet.FrameworkServlet.processRequest(FrameworkServlet.java:882)
	at org.springframework.web.servlet.FrameworkServlet.doGet(FrameworkServlet.java:778)
	at javax.servlet.http.HttpServlet.service(HttpServlet.java:621)
	at javax.servlet.http.HttpServlet.service(HttpServlet.java:722)
	at org.apache.catalina.core.ApplicationFilterChain.internalDoFilter(ApplicationFilterChain.java:305)
	at org.apache.catalina.core.ApplicationFilterChain.doFilter(ApplicationFilterChain.java:210)
	at grails.plugin.cache.web.filter.PageFragmentCachingFilter.doFilter(PageFragmentCachingFilter.java:195)
	at grails.plugin.cache.web.filter.simple.MemoryPageFragmentCachingFilter.doFilter(MemoryPageFragmentCachingFilter.java)
	at grails.plugin.cache.web.filter.AbstractFilter.doFilter(AbstractFilter.java:63)
	at org.springframework.web.filter.DelegatingFilterProxy.invokeDelegate(DelegatingFilterProxy.java:346)
	at org.springframework.web.filter.DelegatingFilterProxy.doFilter(DelegatingFilterProxy.java:259)
	at org.apache.catalina.core.ApplicationFilterChain.internalDoFilter(ApplicationFilterChain.java:243)
	at org.apache.catalina.core.ApplicationFilterChain.doFilter(ApplicationFilterChain.java:210)
	at org.springframework.web.filter.OncePerRequestFilter.doFilter(OncePerRequestFilter.java:70)
	at org.apache.catalina.core.ApplicationFilterChain.internalDoFilter(ApplicationFilterChain.java:243)
	at org.apache.catalina.core.ApplicationFilterChain.doFilter(ApplicationFilterChain.java:210)
	at org.springframework.web.filter.OncePerRequestFilter.doFilter(OncePerRequestFilter.java:70)
	at org.apache.catalina.core.ApplicationFilterChain.internalDoFilter(ApplicationFilterChain.java:243)
	at org.apache.catalina.core.ApplicationFilterChain.doFilter(ApplicationFilterChain.java:210)
	at org.springframework.web.filter.OncePerRequestFilter.doFilter(OncePerRequestFilter.java:70)
	at org.apache.catalina.core.ApplicationFilterChain.internalDoFilter(ApplicationFilterChain.java:243)
	at org.apache.catalina.core.ApplicationFilterChain.doFilter(ApplicationFilterChain.java:210)
	at org.apache.catalina.core.ApplicationDispatcher.invoke(ApplicationDispatcher.java:684)
	at org.apache.catalina.core.ApplicationDispatcher.processRequest(ApplicationDispatcher.java:471)
	at org.apache.catalina.core.ApplicationDispatcher.doForward(ApplicationDispatcher.java:402)
	at org.apache.catalina.core.ApplicationDispatcher.forward(ApplicationDispatcher.java:329)
	at org.codehaus.groovy.grails.web.util.WebUtils.forwardRequestForUrlMappingInfo(WebUtils.java:312)
	at org.codehaus.groovy.grails.web.util.WebUtils.forwardRequestForUrlMappingInfo(WebUtils.java:277)
	at org.codehaus.groovy.grails.web.util.WebUtils.forwardRequestForUrlMappingInfo(WebUtils.java:268)
	at org.codehaus.groovy.grails.web.mapping.filter.UrlMappingsFilter.doFilterInternal(UrlMappingsFilter.java:209)
	at org.springframework.web.filter.OncePerRequestFilter.doFilter(OncePerRequestFilter.java:76)
	at org.apache.catalina.core.ApplicationFilterChain.internalDoFilter(ApplicationFilterChain.java:243)
	at org.apache.catalina.core.ApplicationFilterChain.doFilter(ApplicationFilterChain.java:210)
	at org.codehaus.groovy.grails.web.sitemesh.GrailsPageFilter.obtainContent(GrailsPageFilter.java:200)
	at org.codehaus.groovy.grails.web.sitemesh.GrailsPageFilter.doFilter(GrailsPageFilter.java:151)
	at org.apache.catalina.core.ApplicationFilterChain.internalDoFilter(ApplicationFilterChain.java:243)
	at org.apache.catalina.core.ApplicationFilterChain.doFilter(ApplicationFilterChain.java:210)
	at javax.servlet.FilterChain$doFilter.call(Unknown Source)
	at org.grails.plugin.resource.DevModeSanityFilter.doFilter(DevModeSanityFilter.groovy:44)
	at org.apache.catalina.core.ApplicationFilterChain.internalDoFilter(ApplicationFilterChain.java:243)
	at org.apache.catalina.core.ApplicationFilterChain.doFilter(ApplicationFilterChain.java:210)
	at org.codehaus.groovy.grails.web.servlet.mvc.GrailsWebRequestFilter.doFilterInternal(GrailsWebRequestFilter.java:69)
	at org.springframework.web.filter.OncePerRequestFilter.doFilter(OncePerRequestFilter.java:76)
	at org.apache.catalina.core.ApplicationFilterChain.internalDoFilter(ApplicationFilterChain.java:243)
	at org.apache.catalina.core.ApplicationFilterChain.doFilter(ApplicationFilterChain.java:210)
	at org.codehaus.groovy.grails.web.filters.HiddenHttpMethodFilter.doFilterInternal(HiddenHttpMethodFilter.java:69)
	at org.springframework.web.filter.OncePerRequestFilter.doFilter(OncePerRequestFilter.java:76)
	at org.apache.catalina.core.ApplicationFilterChain.internalDoFilter(ApplicationFilterChain.java:243)
	at org.apache.catalina.core.ApplicationFilterChain.doFilter(ApplicationFilterChain.java:210)
	at com.brandseye.cors.CorsFilter.doFilter(CorsFilter.java:65)
	at org.apache.catalina.core.ApplicationFilterChain.internalDoFilter(ApplicationFilterChain.java:243)
	at org.apache.catalina.core.ApplicationFilterChain.doFilter(ApplicationFilterChain.java:210)
	at org.springframework.web.filter.CharacterEncodingFilter.doFilterInternal(CharacterEncodingFilter.java:88)
	at org.springframework.web.filter.OncePerRequestFilter.doFilter(OncePerRequestFilter.java:76)
	at org.springframework.web.filter.DelegatingFilterProxy.invokeDelegate(DelegatingFilterProxy.java:346)
	at org.springframework.web.filter.DelegatingFilterProxy.doFilter(DelegatingFilterProxy.java:259)
	at org.apache.catalina.core.ApplicationFilterChain.internalDoFilter(ApplicationFilterChain.java:243)
	at org.apache.catalina.core.ApplicationFilterChain.doFilter(ApplicationFilterChain.java:210)
	at org.apache.catalina.core.StandardWrapperValve.invoke(StandardWrapperValve.java:225)
	at org.apache.catalina.core.StandardContextValve.invoke(StandardContextValve.java:169)
	at org.apache.catalina.core.StandardHostValve.invoke(StandardHostValve.java:168)
	at org.apache.catalina.valves.ErrorReportValve.invoke(ErrorReportValve.java:98)
	at org.apache.catalina.core.StandardEngineValve.invoke(StandardEngineValve.java:118)
	at org.apache.catalina.connector.CoyoteAdapter.service(CoyoteAdapter.java:407)
	at org.apache.coyote.http11.AbstractHttp11Processor.process(AbstractHttp11Processor.java:999)
	at org.apache.coyote.AbstractProtocol$AbstractConnectionHandler.process(AbstractProtocol.java:565)
	at org.apache.tomcat.util.net.JIoEndpoint$SocketProcessor.run(JIoEndpoint.java:309)
	at java.util.concurrent.ThreadPoolExecutor$Worker.runTask(ThreadPoolExecutor.java:895)
	at java.util.concurrent.ThreadPoolExecutor$Worker.run(ThreadPoolExecutor.java:918)
	at java.lang.Thread.run(Thread.java:680)
2013-04-19 19:17:43,085 [http-bio-8080-exec-5] ERROR StackTrace  - Full Stack Trace:
java.lang.NumberFormatException: For input string: "null"
	at java.lang.NumberFormatException.forInputString(NumberFormatException.java:48)
	at java.lang.Integer.parseInt(Integer.java:449)
	at java.lang.Integer.valueOf(Integer.java:554)
	at PostController$_closure2$$EO3Voucq.doCall(PostController.groovy:35)
	at grails.plugin.cache.web.filter.PageFragmentCachingFilter.doFilter(PageFragmentCachingFilter.java:195)
	at grails.plugin.cache.web.filter.AbstractFilter.doFilter(AbstractFilter.java:63)
	at com.brandseye.cors.CorsFilter.doFilter(CorsFilter.java:65)
	at java.util.concurrent.ThreadPoolExecutor$Worker.runTask(ThreadPoolExecutor.java:895)
	at java.util.concurrent.ThreadPoolExecutor$Worker.run(ThreadPoolExecutor.java:918)
	at java.lang.Thread.run(Thread.java:680)
2013-04-19 19:17:43,091 [http-bio-8080-exec-5] ERROR StackTrace  - Full Stack Trace:
java.lang.NumberFormatException: For input string: "null"
	at java.lang.NumberFormatException.forInputString(NumberFormatException.java:48)
	at java.lang.Integer.parseInt(Integer.java:449)
	at java.lang.Integer.valueOf(Integer.java:554)
	at PostController$_closure2$$EO3Voucq.doCall(PostController.groovy:35)
	at grails.plugin.cache.web.filter.PageFragmentCachingFilter.doFilter(PageFragmentCachingFilter.java:195)
	at grails.plugin.cache.web.filter.AbstractFilter.doFilter(AbstractFilter.java:63)
	at com.brandseye.cors.CorsFilter.doFilter(CorsFilter.java:65)
	at java.util.concurrent.ThreadPoolExecutor$Worker.runTask(ThreadPoolExecutor.java:895)
	at java.util.concurrent.ThreadPoolExecutor$Worker.run(ThreadPoolExecutor.java:918)
	at java.lang.Thread.run(Thread.java:680)
2013-04-19 19:17:43,091 [http-bio-8080-exec-5] ERROR StackTrace  - Full Stack Trace:
java.lang.NumberFormatException: For input string: "null"
	at java.lang.NumberFormatException.forInputString(NumberFormatException.java:48)
	at java.lang.Integer.parseInt(Integer.java:449)
	at java.lang.Integer.valueOf(Integer.java:554)
	at PostController$_closure2$$EO3Voucq.doCall(PostController.groovy:35)
	at grails.plugin.cache.web.filter.PageFragmentCachingFilter.doFilter(PageFragmentCachingFilter.java:195)
	at grails.plugin.cache.web.filter.AbstractFilter.doFilter(AbstractFilter.java:63)
	at com.brandseye.cors.CorsFilter.doFilter(CorsFilter.java:65)
	at java.util.concurrent.ThreadPoolExecutor$Worker.runTask(ThreadPoolExecutor.java:895)
	at java.util.concurrent.ThreadPoolExecutor$Worker.run(ThreadPoolExecutor.java:918)
	at java.lang.Thread.run(Thread.java:680)
2013-04-19 19:17:43,091 [http-bio-8080-exec-5] ERROR StackTrace  - Full Stack Trace:
java.lang.NumberFormatException: For input string: "null"
	at java.lang.NumberFormatException.forInputString(NumberFormatException.java:48)
	at java.lang.Integer.parseInt(Integer.java:449)
	at java.lang.Integer.valueOf(Integer.java:554)
	at PostController$_closure2$$EO3Voucq.doCall(PostController.groovy:35)
	at grails.plugin.cache.web.filter.PageFragmentCachingFilter.doFilter(PageFragmentCachingFilter.java:195)
	at grails.plugin.cache.web.filter.AbstractFilter.doFilter(AbstractFilter.java:63)
	at com.brandseye.cors.CorsFilter.doFilter(CorsFilter.java:65)
	at java.util.concurrent.ThreadPoolExecutor$Worker.runTask(ThreadPoolExecutor.java:895)
	at java.util.concurrent.ThreadPoolExecutor$Worker.run(ThreadPoolExecutor.java:918)
	at java.lang.Thread.run(Thread.java:680)
2013-04-19 19:17:43,091 [http-bio-8080-exec-5] ERROR StackTrace  - Full Stack Trace:
java.lang.NumberFormatException: For input string: "null"
	at java.lang.NumberFormatException.forInputString(NumberFormatException.java:48)
	at java.lang.Integer.parseInt(Integer.java:449)
	at java.lang.Integer.valueOf(Integer.java:554)
	at PostController$_closure2$$EO3Voucq.doCall(PostController.groovy:35)
	at grails.plugin.cache.web.filter.PageFragmentCachingFilter.doFilter(PageFragmentCachingFilter.java:195)
	at grails.plugin.cache.web.filter.AbstractFilter.doFilter(AbstractFilter.java:63)
	at com.brandseye.cors.CorsFilter.doFilter(CorsFilter.java:65)
	at java.util.concurrent.ThreadPoolExecutor$Worker.runTask(ThreadPoolExecutor.java:895)
	at java.util.concurrent.ThreadPoolExecutor$Worker.run(ThreadPoolExecutor.java:918)
	at java.lang.Thread.run(Thread.java:680)
